{"post_stream":{"posts":[{"id":12803,"name":"Eugene Kozlov","username":"Eugene","avatar_template":"/user_avatar/discourse.urho3d.io/eugene/{size}/902_2.png","created_at":"2016-07-13T10:31:04.000Z","cooked":"\u003cp\u003eI am trying to follow this tutorial.\u003cbr\u003e\n\u003ca href=\"http://urho3d.github.io/documentation/HEAD/_using_library.html\" rel=\"nofollow noopener\"\u003eurho3d.github.io/documentation/H ‚Ä¶ brary.html\u003c/a\u003e\u003c/p\u003e\n\u003cp\u003eand I am getting the following error:\u003c/p\u003e\n\u003cp\u003e\u003ccode\u003eCMake Error at CMake/Modules/FindUrho3D.cmake:356 (message):\n  Could NOT find compatible Urho3D library in Urho3D SDK installation or\n  build tree.  Use URHO3D_HOME environment variable or build option to\n  specify the location of the non-default SDK installation or build tree.\n  Ensure the specified location contains the Urho3D library of the requested\n  library type.  Change Dir:\n  C:/Projects/tools/FlexEngine/build/CMakeFiles/CMakeTmp\u003c/code\u003e\u003c/p\u003e\n\u003cp\u003eI store source code of Urho in \u003cspan class=\"bbcode-b\"\u003eC:/Projects/tools/Urho3D_source\u003c/span\u003e and CMake build dir is \u003cspan class=\"bbcode-b\"\u003eC:/Projects/tools/Urho3D\u003c/span\u003e\u003c/p\u003e\n\u003cp\u003eI tried to set URHO3D_HOME CMake variable to second one and some other variants but it didn‚Äôt help me.\u003c/p\u003e\n\u003cp\u003eSome time ago I successfully built Urho, but I can‚Äôt reproduce my actions now.\u003c/p\u003e\n\u003cp\u003eFull log:\u003c/p\u003e\n\u003cp\u003e[spoiler][quote]The C compiler identification is MSVC 18.0.31101.0\u003cbr\u003e\nThe CXX compiler identification is MSVC 18.0.31101.0\u003cbr\u003e\nCheck for working C compiler using: Visual Studio 12 2013\u003cbr\u003e\nCheck for working C compiler using: Visual Studio 12 2013 ‚Äì works\u003cbr\u003e\nDetecting C compiler ABI info\u003cbr\u003e\nDetecting C compiler ABI info - done\u003cbr\u003e\nCheck for working CXX compiler using: Visual Studio 12 2013\u003cbr\u003e\nCheck for working CXX compiler using: Visual Studio 12 2013 ‚Äì works\u003cbr\u003e\nDetecting CXX compiler ABI info\u003cbr\u003e\nDetecting CXX compiler ABI info - done\u003cbr\u003e\nDetecting CXX compile features\u003cbr\u003e\nDetecting CXX compile features - done\u003cbr\u003e\nCMake Warning at CMake/Modules/Urho3D-CMake-common.cmake:110 (message):\u003cbr\u003e\nCould not use MKLINK to setup symbolic links as this Windows user account\u003cbr\u003e\ndoes not have the privilege to do so.  When MKLINK is not available then\u003cbr\u003e\nthe build system will fallback to use file/directory copy of the library\u003cbr\u003e\nheaders from source tree to build tree.  In order to prevent stale headers\u003cbr\u003e\nbeing used in the build, this file/directory copy will be redone also as a\u003cbr\u003e\npost-build step for each library targets.  This may slow down the build\u003cbr\u003e\nunnecessarily or even cause other unforseen issues due to incomplete or\u003cbr\u003e\nstale headers in the build tree.  Request your Windows Administrator to\u003cbr\u003e\ngrant your user account to have privilege to create symlink via MKLINK\u003cbr\u003e\ncommand.  You are NOT advised to use the Administrator account directly to\u003cbr\u003e\ngenerate build tree in all cases.\u003cbr\u003e\nCall Stack (most recent call first):\u003cbr\u003e\nCMakeLists.txt:27 (include)\u003c/p\u003e\n\u003cp\u003eFound Urho3D: C:/Projects/tools/Urho3D/lib/Urho3D_d.lib (found version ‚Äú1.5-1031-gfd9db88‚Äù)\u003cbr\u003e\nLooking for C++ include d3dcompiler.h\u003cbr\u003e\nLooking for C++ include d3dcompiler.h - found\u003cbr\u003e\nLooking for C++ include d3d9.h\u003cbr\u003e\nLooking for C++ include d3d9.h - found\u003cbr\u003e\nLooking for C++ include d3d11.h\u003cbr\u003e\nLooking for C++ include d3d11.h - found\u003cbr\u003e\nLooking for C++ include ddraw.h\u003cbr\u003e\nLooking for C++ include ddraw.h - found\u003cbr\u003e\nLooking for C++ include dsound.h\u003cbr\u003e\nLooking for C++ include dsound.h - found\u003cbr\u003e\nLooking for C++ include dinput.h\u003cbr\u003e\nLooking for C++ include dinput.h - found\u003cbr\u003e\nLooking for C++ include dxgi.h\u003cbr\u003e\nLooking for C++ include dxgi.h - found\u003cbr\u003e\nLooking for C++ include xaudio2.h\u003cbr\u003e\nLooking for C++ include xaudio2.h - found\u003cbr\u003e\nLooking for include files windows.h, xinput.h\u003cbr\u003e\nLooking for include files windows.h, xinput.h - found\u003cbr\u003e\nFound DirectX: TRUE  found components:  D3D11 DInput DSound XAudio2 XInput\u003cbr\u003e\nError copying file (if different) from ‚Äú\u003cbr\u003e\nC:/Projects/tools/FlexEngine/bin/Autoload‚Äù to ‚ÄúC:/Projects/tools/FlexEngine/build/bin/Autoload‚Äù.\u003c/p\u003e\n\u003cp\u003eError copying file (if different) from ‚Äú\u003cbr\u003e\nC:/Projects/tools/FlexEngine/bin/CoreData‚Äù to ‚ÄúC:/Projects/tools/FlexEngine/build/bin/CoreData‚Äù.\u003c/p\u003e\n\u003cp\u003eError copying file (if different) from ‚Äú\u003cbr\u003e\nC:/Projects/tools/FlexEngine/bin/Data‚Äù to ‚ÄúC:/Projects/tools/FlexEngine/build/bin/Data‚Äù.\u003c/p\u003e\n\u003cp\u003eCMake Error at CMake/Modules/FindUrho3D.cmake:356 (message):\u003cbr\u003e\nCould NOT find compatible Urho3D library in Urho3D SDK installation or\u003cbr\u003e\nbuild tree.  Use URHO3D_HOME environment variable or build option to\u003cbr\u003e\nspecify the location of the non-default SDK installation or build tree.\u003cbr\u003e\nEnsure the specified location contains the Urho3D library of the requested\u003cbr\u003e\nlibrary type.  Change Dir:\u003cbr\u003e\nC:/Projects/tools/FlexEngine/build/CMakeFiles/CMakeTmp\u003c/p\u003e\n\u003cp\u003eRun Build Command:‚ÄúC:/Program Files (x86)/MSBuild/12.0/bin/MSBuild.exe‚Äù\u003cbr\u003e\n‚ÄúcmTC_2bc1c.vcxproj‚Äù ‚Äú/p:Configuration=Release‚Äù\u003cbr\u003e\n\"/p:VisualStudioVersion=12.0\"\u003c/p\u003e\n\u003cp\u003eMicrosoft ¬Æ Build Engine version 12.0.31101.0\u003c/p\u003e\n\u003cp\u003e[Microsoft .NET Framework, version 4.0.30319.42000]\u003c/p\u003e\n\u003cp\u003eCopyright ¬© Microsoft Corporation.  All rights reserved.\u003c/p\u003e\n\u003cp\u003eBuild started 13.07.2016 14:10:41.\u003c/p\u003e\n\u003cp\u003eProject\u003cbr\u003e\n\"C:\\Projects\\tools\\FlexEngine\\build\\CMakeFiles\\CMakeTmp\\cmTC_2bc1c.vcxproj\"\u003cbr\u003e\non node 1 (default targets).\u003c/p\u003e\n\u003cp\u003ePrepareForBuild:\u003c/p\u003e\n\u003cpre\u003e\u003ccode\u003eCreating directory \"cmTC_2bc1c.dir\\Release\\\".\n\nCreating directory \"C:\\Projects\\tools\\FlexEngine\\build\\CMakeFiles\\CMakeTmp\\Release\\\".\n\nCreating directory \"cmTC_2bc1c.dir\\Release\\cmTC_2bc1c.tlog\\\".\n\u003c/code\u003e\u003c/pre\u003e\n\u003cp\u003eInitializeBuildStatus:\u003c/p\u003e\n\u003cpre\u003e\u003ccode\u003eCreating \"cmTC_2bc1c.dir\\Release\\cmTC_2bc1c.tlog\\unsuccessfulbuild\" because \"AlwaysCreate\" was specified.\n\u003c/code\u003e\u003c/pre\u003e\n\u003cp\u003eClCompile:\u003c/p\u003e\n\u003cpre\u003e\u003ccode\u003eC:\\Program Files (x86)\\Microsoft Visual Studio 12.0\\VC\\bin\\CL.exe /c /IC:\\Projects\\tools\\Urho3D\\include /W3 /WX- /O2 /Ob2 /Oy- /D WIN32 /D _WINDOWS /D NDEBUG /D \"CMAKE_INTDIR=\\\"Release\\\"\" /D _MBCS /Gm- /EHsc /MT /GS /fp:precise /Zc:wchar_t /Zc:forScope /GR /Fo\"cmTC_2bc1c.dir\\Release\\\\\" /Fd\"cmTC_2bc1c.dir\\Release\\vc120.pdb\" /Gd /TP /analyze- /errorReport:queue C:\\Projects\\tools\\FlexEngine\\CMake\\Modules\\CheckUrho3DLibrary.cpp\n\nMicrosoft (R) C/C++ Optimizing Compiler Version 18.00.31101 for x86\n\nCopyright (C) Microsoft Corporation.  All rights reserved.\n\n\n\ncl /c /IC:\\Projects\\tools\\Urho3D\\include /W3 /WX- /O2 /Ob2 /Oy- /D WIN32 /D _WINDOWS /D NDEBUG /D \"CMAKE_INTDIR=\\\"Release\\\"\" /D _MBCS /Gm- /EHsc /MT /GS /fp:precise /Zc:wchar_t /Zc:forScope /GR /Fo\"cmTC_2bc1c.dir\\Release\\\\\" /Fd\"cmTC_2bc1c.dir\\Release\\vc120.pdb\" /Gd /TP /analyze- /errorReport:queue C:\\Projects\\tools\\FlexEngine\\CMake\\Modules\\CheckUrho3DLibrary.cpp\n\n\n\nCheckUrho3DLibrary.cpp\n\u003c/code\u003e\u003c/pre\u003e\n\u003cp\u003eLink:\u003c/p\u003e\n\u003cpre\u003e\u003ccode\u003eC:\\Program Files (x86)\\Microsoft Visual Studio 12.0\\VC\\bin\\link.exe /ERRORREPORT:QUEUE /OUT:\"C:\\Projects\\tools\\FlexEngine\\build\\CMakeFiles\\CMakeTmp\\Release\\cmTC_2bc1c.exe\" /INCREMENTAL:NO /NOLOGO kernel32.lib user32.lib gdi32.lib winspool.lib shell32.lib ole32.lib oleaut32.lib uuid.lib comdlg32.lib advapi32.lib C:\\Projects\\tools\\Urho3D\\lib\\Urho3D_d.lib /MANIFEST /MANIFESTUAC:\"level='asInvoker' uiAccess='false'\" /manifest:embed /PDB:\"C:/Projects/tools/FlexEngine/build/CMakeFiles/CMakeTmp/Release/cmTC_2bc1c.pdb\" /SUBSYSTEM:CONSOLE /TLBID:1 /DYNAMICBASE /NXCOMPAT /IMPLIB:\"C:/Projects/tools/FlexEngine/build/CMakeFiles/CMakeTmp/Release/cmTC_2bc1c.lib\" /MACHINE:X86 /SAFESEH  /machine:X86 cmTC_2bc1c.dir\\Release\\CheckUrho3DLibrary.obj\n\u003c/code\u003e\u003c/pre\u003e\n\u003cp\u003eUrho3D_d.lib(DataDeserializer.obj) : error LNK2038: mismatch detected for\u003cbr\u003e\n‚Äô_ITERATOR_DEBUG_LEVEL‚Äô: value ‚Äò2‚Äô doesn‚Äôt match value ‚Äò0‚Äô in\u003cbr\u003e\nCheckUrho3DLibrary.obj\u003cbr\u003e\n[C:\\Projects\\tools\\FlexEngine\\build\\CMakeFiles\\CMakeTmp\\cmTC_2bc1c.vcxproj]\u003c/p\u003e\n\u003cp\u003eUrho3D_d.lib(DataDeserializer.obj) : error LNK2038: mismatch detected for\u003cbr\u003e\n‚ÄôRuntimeLibrary‚Äô: value ‚ÄòMDd_DynamicDebug‚Äô doesn‚Äôt match value\u003cbr\u003e\n‚ÄôMT_StaticRelease‚Äô in CheckUrho3DLibrary.obj\u003cbr\u003e\n[C:\\Projects\\tools\\FlexEngine\\build\\CMakeFiles\\CMakeTmp\\cmTC_2bc1c.vcxproj]\u003c/p\u003e\n\u003cp\u003eUrho3D_d.lib(LibraryInfo.obj) : error LNK2038: mismatch detected for\u003cbr\u003e\n‚Äô_ITERATOR_DEBUG_LEVEL‚Äô: value ‚Äò2‚Äô doesn‚Äôt match value ‚Äò0‚Äô in\u003cbr\u003e\nCheckUrho3DLibrary.obj\u003cbr\u003e\n[C:\\Projects\\tools\\FlexEngine\\build\\CMakeFiles\\CMakeTmp\\cmTC_2bc1c.vcxproj]\u003c/p\u003e\n\u003cp\u003eUrho3D_d.lib(LibraryInfo.obj) : error LNK2038: mismatch detected for\u003cbr\u003e\n‚ÄôRuntimeLibrary‚Äô: value ‚ÄòMDd_DynamicDebug‚Äô doesn‚Äôt match value\u003cbr\u003e\n‚ÄôMT_StaticRelease‚Äô in CheckUrho3DLibrary.obj\u003cbr\u003e\n[C:\\Projects\\tools\\FlexEngine\\build\\CMakeFiles\\CMakeTmp\\cmTC_2bc1c.vcxproj]\u003c/p\u003e\n\u003cp\u003eUrho3D_d.lib(SerializedDataIterator.obj) : error LNK2038: mismatch detected\u003cbr\u003e\nfor ‚Äò_ITERATOR_DEBUG_LEVEL‚Äô: value ‚Äò2‚Äô doesn‚Äôt match value ‚Äò0‚Äô in\u003cbr\u003e\nCheckUrho3DLibrary.obj\u003cbr\u003e\n[C:\\Projects\\tools\\FlexEngine\\build\\CMakeFiles\\CMakeTmp\\cmTC_2bc1c.vcxproj]\u003c/p\u003e\n\u003cp\u003eUrho3D_d.lib(SerializedDataIterator.obj) : error LNK2038: mismatch detected\u003cbr\u003e\nfor ‚ÄòRuntimeLibrary‚Äô: value ‚ÄòMDd_DynamicDebug‚Äô doesn‚Äôt match value\u003cbr\u003e\n‚ÄôMT_StaticRelease‚Äô in CheckUrho3DLibrary.obj\u003cbr\u003e\n[C:\\Projects\\tools\\FlexEngine\\build\\CMakeFiles\\CMakeTmp\\cmTC_2bc1c.vcxproj]\u003c/p\u003e\n\u003cp\u003eUrho3D_d.lib(Precompiled.obj) : error LNK2038: mismatch detected for\u003cbr\u003e\n‚Äô_ITERATOR_DEBUG_LEVEL‚Äô: value ‚Äò2‚Äô doesn‚Äôt match value ‚Äò0‚Äô in\u003cbr\u003e\nCheckUrho3DLibrary.obj\u003cbr\u003e\n[C:\\Projects\\tools\\FlexEngine\\build\\CMakeFiles\\CMakeTmp\\cmTC_2bc1c.vcxproj]\u003c/p\u003e\n\u003cp\u003eUrho3D_d.lib(Precompiled.obj) : error LNK2038: mismatch detected for\u003cbr\u003e\n‚ÄôRuntimeLibrary‚Äô: value ‚ÄòMDd_DynamicDebug‚Äô doesn‚Äôt match value\u003cbr\u003e\n‚ÄôMT_StaticRelease‚Äô in CheckUrho3DLibrary.obj\u003cbr\u003e\n[C:\\Projects\\tools\\FlexEngine\\build\\CMakeFiles\\CMakeTmp\\cmTC_2bc1c.vcxproj]\u003c/p\u003e\n\u003cp\u003emsvcprtd.lib(MSVCP120D.dll) : error LNK2005: ‚Äúvoid __cdecl\u003cbr\u003e\nstd::_Xbad_alloc(void)‚Äù (?_Xbad_alloc@std@\u003cspan class=\"mention\"\u003e@YAXXZ\u003c/span\u003e) already defined in\u003cbr\u003e\nlibcpmt.lib(xthrow.obj)\u003cbr\u003e\n[C:\\Projects\\tools\\FlexEngine\\build\\CMakeFiles\\CMakeTmp\\cmTC_2bc1c.vcxproj]\u003c/p\u003e\n\u003cp\u003emsvcprtd.lib(MSVCP120D.dll) : error LNK2005: ‚Äúvoid __cdecl\u003cbr\u003e\nstd::_Xlength_error(char const *)‚Äù (?_Xlength_error@std@\u003cspan class=\"mention\"\u003e@YAXPBD\u003c/span\u003e@Z) already\u003cbr\u003e\ndefined in libcpmt.lib(xthrow.obj)\u003cbr\u003e\n[C:\\Projects\\tools\\FlexEngine\\build\\CMakeFiles\\CMakeTmp\\cmTC_2bc1c.vcxproj]\u003c/p\u003e\n\u003cp\u003emsvcprtd.lib(MSVCP120D.dll) : error LNK2005: ‚Äúvoid __cdecl\u003cbr\u003e\nstd::_Xout_of_range(char const *)‚Äù (?_Xout_of_range@std@\u003cspan class=\"mention\"\u003e@YAXPBD\u003c/span\u003e@Z) already\u003cbr\u003e\ndefined in libcpmt.lib(xthrow.obj)\u003cbr\u003e\n[C:\\Projects\\tools\\FlexEngine\\build\\CMakeFiles\\CMakeTmp\\cmTC_2bc1c.vcxproj]\u003c/p\u003e\n\u003cp\u003emsvcprtd.lib(MSVCP120D.dll) : error LNK2005: ‚Äúpublic: __thiscall\u003cbr\u003e\nstd::locale:\u003cimg src=\"https://emoji.discourse-cdn.com/twitter/id.png?v=5\" title=\":id:\" class=\"emoji\" alt=\":id:\"\u003e:id(unsigned int)‚Äù (??0id@locale@std@\u003cspan class=\"mention\"\u003e@QAE\u003c/span\u003e@I@Z) already\u003cbr\u003e\ndefined in libcpmt.lib(xthrow.obj)\u003cbr\u003e\n[C:\\Projects\\tools\\FlexEngine\\build\\CMakeFiles\\CMakeTmp\\cmTC_2bc1c.vcxproj]\u003c/p\u003e\n\u003cp\u003emsvcprtd.lib(MSVCP120D.dll) : error LNK2005: ‚Äúchar const * __cdecl\u003cbr\u003e\nstd::_Syserror_map(int)‚Äù (?_Syserror_map@std@\u003cspan class=\"mention\"\u003e@YAPBDH\u003c/span\u003e@Z) already defined in\u003cbr\u003e\nlibcpmt.lib(syserror.obj)\u003cbr\u003e\n[C:\\Projects\\tools\\FlexEngine\\build\\CMakeFiles\\CMakeTmp\\cmTC_2bc1c.vcxproj]\u003c/p\u003e\n\u003cp\u003emsvcprtd.lib(MSVCP120D.dll) : error LNK2005: ‚Äúchar const * __cdecl\u003cbr\u003e\nstd::_Winerror_map(int)‚Äù (?_Winerror_map@std@\u003cspan class=\"mention\"\u003e@YAPBDH\u003c/span\u003e@Z) already defined in\u003cbr\u003e\nlibcpmt.lib(syserror.obj)\u003cbr\u003e\n[C:\\Projects\\tools\\FlexEngine\\build\\CMakeFiles\\CMakeTmp\\cmTC_2bc1c.vcxproj]\u003c/p\u003e\n\u003cp\u003emsvcprtd.lib(MSVCP120D.dll) : error LNK2005: ‚Äúpublic: __thiscall\u003cbr\u003e\nstd::_Lockit::_Lockit(int)‚Äù (??0_Lockit@std@\u003cspan class=\"mention\"\u003e@QAE\u003c/span\u003e@H@Z) already defined in\u003cbr\u003e\nlibcpmt.lib(xlock.obj)\u003cbr\u003e\n[C:\\Projects\\tools\\FlexEngine\\build\\CMakeFiles\\CMakeTmp\\cmTC_2bc1c.vcxproj]\u003c/p\u003e\n\u003cp\u003emsvcprtd.lib(MSVCP120D.dll) : error LNK2005: ‚Äúpublic: __thiscall\u003cbr\u003e\nstd::_Lockit::~_Lockit(void)‚Äù (??1_Lockit@std@\u003cspan class=\"mention\"\u003e@QAE\u003c/span\u003e@XZ) already defined in\u003cbr\u003e\nlibcpmt.lib(xlock.obj)\u003cbr\u003e\n[C:\\Projects\\tools\\FlexEngine\\build\\CMakeFiles\\CMakeTmp\\cmTC_2bc1c.vcxproj]\u003c/p\u003e\n\u003cp\u003eMSVCRTD.lib(MSVCR120D.dll) : error LNK2005: __invalid_parameter already\u003cbr\u003e\ndefined in LIBCMT.lib(invarg.obj)\u003cbr\u003e\n[C:\\Projects\\tools\\FlexEngine\\build\\CMakeFiles\\CMakeTmp\\cmTC_2bc1c.vcxproj]\u003c/p\u003e\n\u003cp\u003eMSVCRTD.lib(MSVCR120D.dll) : error LNK2005: _memmove already defined in\u003cbr\u003e\nLIBCMT.lib(memmove.obj)\u003cbr\u003e\n[C:\\Projects\\tools\\FlexEngine\\build\\CMakeFiles\\CMakeTmp\\cmTC_2bc1c.vcxproj]\u003c/p\u003e\n\u003cp\u003eMSVCRTD.lib(MSVCR120D.dll) : error LNK2005: __hypot already defined in\u003cbr\u003e\nLIBCMT.lib(hypot.obj)\u003cbr\u003e\n[C:\\Projects\\tools\\FlexEngine\\build\\CMakeFiles\\CMakeTmp\\cmTC_2bc1c.vcxproj]\u003c/p\u003e\n\u003cp\u003eMSVCRTD.lib(MSVCR120D.dll) : error LNK2005: ‚Äúpublic: __thiscall\u003cbr\u003e\nstd::exception::exception(void)‚Äù (??0exception@std@\u003cspan class=\"mention\"\u003e@QAE\u003c/span\u003e@XZ) already defined\u003cbr\u003e\nin LIBCMT.lib(stdexcpt.obj)\u003cbr\u003e\n[C:\\Projects\\tools\\FlexEngine\\build\\CMakeFiles\\CMakeTmp\\cmTC_2bc1c.vcxproj]\u003c/p\u003e\n\u003cp\u003eMSVCRTD.lib(MSVCR120D.dll) : error LNK2005: ‚Äúpublic: __thiscall\u003cbr\u003e\nstd::exception::exception(class std::exception const \u0026amp;)‚Äù\u003cbr\u003e\n(??0exception@std@\u003cspan class=\"mention\"\u003e@QAE\u003c/span\u003e@ABV01@\u003cspan class=\"mention\"\u003e@Z\u003c/span\u003e) already defined in\u003cbr\u003e\nLIBCMT.lib(stdexcpt.obj)\u003cbr\u003e\n[C:\\Projects\\tools\\FlexEngine\\build\\CMakeFiles\\CMakeTmp\\cmTC_2bc1c.vcxproj]\u003c/p\u003e\n\u003cp\u003eMSVCRTD.lib(MSVCR120D.dll) : error LNK2005: ‚Äúpublic: virtual __thiscall\u003cbr\u003e\nstd::exception::~exception(void)‚Äù (??1exception@std@\u003cspan class=\"mention\"\u003e@UAE\u003c/span\u003e@XZ) already\u003cbr\u003e\ndefined in LIBCMT.lib(stdexcpt.obj)\u003cbr\u003e\n[C:\\Projects\\tools\\FlexEngine\\build\\CMakeFiles\\CMakeTmp\\cmTC_2bc1c.vcxproj]\u003c/p\u003e\n\u003cp\u003eMSVCRTD.lib(ti_inst.obj) : error LNK2005: ‚Äúprivate: __thiscall\u003cbr\u003e\ntype_info::type_info(class type_info const \u0026amp;)‚Äù (??0type_info@\u003cspan class=\"mention\"\u003e@AAE\u003c/span\u003e@ABV0@\u003cspan class=\"mention\"\u003e@Z\u003c/span\u003e)\u003cbr\u003e\nalready defined in LIBCMT.lib(typinfo.obj)\u003cbr\u003e\n[C:\\Projects\\tools\\FlexEngine\\build\\CMakeFiles\\CMakeTmp\\cmTC_2bc1c.vcxproj]\u003c/p\u003e\n\u003cp\u003eMSVCRTD.lib(ti_inst.obj) : error LNK2005: ‚Äúprivate: class type_info \u0026amp;\u003cbr\u003e\n__thiscall type_info::operator=(class type_info const \u0026amp;)‚Äù\u003cbr\u003e\n(??4type_info@\u003cspan class=\"mention\"\u003e@AAEAAV0\u003c/span\u003e@ABV0@\u003cspan class=\"mention\"\u003e@Z\u003c/span\u003e) already defined in LIBCMT.lib(typinfo.obj)\u003cbr\u003e\n[C:\\Projects\\tools\\FlexEngine\\build\\CMakeFiles\\CMakeTmp\\cmTC_2bc1c.vcxproj]\u003c/p\u003e\n\u003cp\u003eLINK : warning LNK4098: defaultlib ‚ÄòMSVCRTD‚Äô conflicts with use of other\u003cbr\u003e\nlibs; use /NODEFAULTLIB:library\u003cbr\u003e\n[C:\\Projects\\tools\\FlexEngine\\build\\CMakeFiles\\CMakeTmp\\cmTC_2bc1c.vcxproj]\u003c/p\u003e\n\u003cp\u003eC:\\Projects\\tools\\FlexEngine\\build\\CMakeFiles\\CMakeTmp\\Release\\cmTC_2bc1c.exe\u003cbr\u003e\n: fatal error LNK1169: one or more multiply defined symbols found\u003cbr\u003e\n[C:\\Projects\\tools\\FlexEngine\\build\\CMakeFiles\\CMakeTmp\\cmTC_2bc1c.vcxproj]\u003c/p\u003e\n\u003cp\u003eDone Building Project\u003cbr\u003e\n\"C:\\Projects\\tools\\FlexEngine\\build\\CMakeFiles\\CMakeTmp\\cmTC_2bc1c.vcxproj\"\u003cbr\u003e\n(default targets) ‚Äì FAILED.\u003c/p\u003e\n\u003cp\u003eBuild FAILED.\u003c/p\u003e\n\u003cp\u003e‚ÄúC:\\Projects\\tools\\FlexEngine\\build\\CMakeFiles\\CMakeTmp\\cmTC_2bc1c.vcxproj‚Äù\u003cbr\u003e\n(default target) (1) -\u0026gt;\u003c/p\u003e\n\u003cp\u003e(Link target) -\u0026gt;\u003c/p\u003e\n\u003cpre\u003e\u003ccode\u003eLINK : warning LNK4098: defaultlib 'MSVCRTD' conflicts with use of other libs; use /NODEFAULTLIB:library [C:\\Projects\\tools\\FlexEngine\\build\\CMakeFiles\\CMakeTmp\\cmTC_2bc1c.vcxproj]\n\u003c/code\u003e\u003c/pre\u003e\n\u003cp\u003e‚ÄúC:\\Projects\\tools\\FlexEngine\\build\\CMakeFiles\\CMakeTmp\\cmTC_2bc1c.vcxproj‚Äù\u003cbr\u003e\n(default target) (1) -\u0026gt;\u003c/p\u003e\n\u003cp\u003e(Link target) -\u0026gt;\u003c/p\u003e\n\u003cpre\u003e\u003ccode\u003eUrho3D_d.lib(DataDeserializer.obj) : error LNK2038: mismatch detected for '_ITERATOR_DEBUG_LEVEL': value '2' doesn't match value '0' in CheckUrho3DLibrary.obj [C:\\Projects\\tools\\FlexEngine\\build\\CMakeFiles\\CMakeTmp\\cmTC_2bc1c.vcxproj]\n\nUrho3D_d.lib(DataDeserializer.obj) : error LNK2038: mismatch detected for 'RuntimeLibrary': value 'MDd_DynamicDebug' doesn't match value 'MT_StaticRelease' in CheckUrho3DLibrary.obj [C:\\Projects\\tools\\FlexEngine\\build\\CMakeFiles\\CMakeTmp\\cmTC_2bc1c.vcxproj]\n\nUrho3D_d.lib(LibraryInfo.obj) : error LNK2038: mismatch detected for '_ITERATOR_DEBUG_LEVEL': value '2' doesn't match value '0' in CheckUrho3DLibrary.obj [C:\\Projects\\tools\\FlexEngine\\build\\CMakeFiles\\CMakeTmp\\cmTC_2bc1c.vcxproj]\n\nUrho3D_d.lib(LibraryInfo.obj) : error LNK2038: mismatch detected for 'RuntimeLibrary': value 'MDd_DynamicDebug' doesn't match value 'MT_StaticRelease' in CheckUrho3DLibrary.obj [C:\\Projects\\tools\\FlexEngine\\build\\CMakeFiles\\CMakeTmp\\cmTC_2bc1c.vcxproj]\n\nUrho3D_d.lib(SerializedDataIterator.obj) : error LNK2038: mismatch detected for '_ITERATOR_DEBUG_LEVEL': value '2' doesn't match value '0' in CheckUrho3DLibrary.obj [C:\\Projects\\tools\\FlexEngine\\build\\CMakeFiles\\CMakeTmp\\cmTC_2bc1c.vcxproj]\n\nUrho3D_d.lib(SerializedDataIterator.obj) : error LNK2038: mismatch detected for 'RuntimeLibrary': value 'MDd_DynamicDebug' doesn't match value 'MT_StaticRelease' in CheckUrho3DLibrary.obj [C:\\Projects\\tools\\FlexEngine\\build\\CMakeFiles\\CMakeTmp\\cmTC_2bc1c.vcxproj]\n\nUrho3D_d.lib(Precompiled.obj) : error LNK2038: mismatch detected for '_ITERATOR_DEBUG_LEVEL': value '2' doesn't match value '0' in CheckUrho3DLibrary.obj [C:\\Projects\\tools\\FlexEngine\\build\\CMakeFiles\\CMakeTmp\\cmTC_2bc1c.vcxproj]\n\nUrho3D_d.lib(Precompiled.obj) : error LNK2038: mismatch detected for 'RuntimeLibrary': value 'MDd_DynamicDebug' doesn't match value 'MT_StaticRelease' in CheckUrho3DLibrary.obj [C:\\Projects\\tools\\FlexEngine\\build\\CMakeFiles\\CMakeTmp\\cmTC_2bc1c.vcxproj]\n\nmsvcprtd.lib(MSVCP120D.dll) : error LNK2005: \"void __cdecl std::_Xbad_alloc(void)\" (?_Xbad_alloc@std@@YAXXZ) already defined in libcpmt.lib(xthrow.obj) [C:\\Projects\\tools\\FlexEngine\\build\\CMakeFiles\\CMakeTmp\\cmTC_2bc1c.vcxproj]\n\nmsvcprtd.lib(MSVCP120D.dll) : error LNK2005: \"void __cdecl std::_Xlength_error(char const *)\" (?_Xlength_error@std@@YAXPBD@Z) already defined in libcpmt.lib(xthrow.obj) [C:\\Projects\\tools\\FlexEngine\\build\\CMakeFiles\\CMakeTmp\\cmTC_2bc1c.vcxproj]\n\nmsvcprtd.lib(MSVCP120D.dll) : error LNK2005: \"void __cdecl std::_Xout_of_range(char const *)\" (?_Xout_of_range@std@@YAXPBD@Z) already defined in libcpmt.lib(xthrow.obj) [C:\\Projects\\tools\\FlexEngine\\build\\CMakeFiles\\CMakeTmp\\cmTC_2bc1c.vcxproj]\n\nmsvcprtd.lib(MSVCP120D.dll) : error LNK2005: \"public: __thiscall std::locale::id::id(unsigned int)\" (??0id@locale@std@@QAE@I@Z) already defined in libcpmt.lib(xthrow.obj) [C:\\Projects\\tools\\FlexEngine\\build\\CMakeFiles\\CMakeTmp\\cmTC_2bc1c.vcxproj]\n\nmsvcprtd.lib(MSVCP120D.dll) : error LNK2005: \"char const * __cdecl std::_Syserror_map(int)\" (?_Syserror_map@std@@YAPBDH@Z) already defined in libcpmt.lib(syserror.obj) [C:\\Projects\\tools\\FlexEngine\\build\\CMakeFiles\\CMakeTmp\\cmTC_2bc1c.vcxproj]\n\nmsvcprtd.lib(MSVCP120D.dll) : error LNK2005: \"char const * __cdecl std::_Winerror_map(int)\" (?_Winerror_map@std@@YAPBDH@Z) already defined in libcpmt.lib(syserror.obj) [C:\\Projects\\tools\\FlexEngine\\build\\CMakeFiles\\CMakeTmp\\cmTC_2bc1c.vcxproj]\n\nmsvcprtd.lib(MSVCP120D.dll) : error LNK2005: \"public: __thiscall std::_Lockit::_Lockit(int)\" (??0_Lockit@std@@QAE@H@Z) already defined in libcpmt.lib(xlock.obj) [C:\\Projects\\tools\\FlexEngine\\build\\CMakeFiles\\CMakeTmp\\cmTC_2bc1c.vcxproj]\n\nmsvcprtd.lib(MSVCP120D.dll) : error LNK2005: \"public: __thiscall std::_Lockit::~_Lockit(void)\" (??1_Lockit@std@@QAE@XZ) already defined in libcpmt.lib(xlock.obj) [C:\\Projects\\tools\\FlexEngine\\build\\CMakeFiles\\CMakeTmp\\cmTC_2bc1c.vcxproj]\n\nMSVCRTD.lib(MSVCR120D.dll) : error LNK2005: __invalid_parameter already defined in LIBCMT.lib(invarg.obj) [C:\\Projects\\tools\\FlexEngine\\build\\CMakeFiles\\CMakeTmp\\cmTC_2bc1c.vcxproj]\n\nMSVCRTD.lib(MSVCR120D.dll) : error LNK2005: _memmove already defined in LIBCMT.lib(memmove.obj) [C:\\Projects\\tools\\FlexEngine\\build\\CMakeFiles\\CMakeTmp\\cmTC_2bc1c.vcxproj]\n\nMSVCRTD.lib(MSVCR120D.dll) : error LNK2005: __hypot already defined in LIBCMT.lib(hypot.obj) [C:\\Projects\\tools\\FlexEngine\\build\\CMakeFiles\\CMakeTmp\\cmTC_2bc1c.vcxproj]\n\nMSVCRTD.lib(MSVCR120D.dll) : error LNK2005: \"public: __thiscall std::exception::exception(void)\" (??0exception@std@@QAE@XZ) already defined in LIBCMT.lib(stdexcpt.obj) [C:\\Projects\\tools\\FlexEngine\\build\\CMakeFiles\\CMakeTmp\\cmTC_2bc1c.vcxproj]\n\nMSVCRTD.lib(MSVCR120D.dll) : error LNK2005: \"public: __thiscall std::exception::exception(class std::exception const \u0026amp;)\" (??0exception@std@@QAE@ABV01@@Z) already defined in LIBCMT.lib(stdexcpt.obj) [C:\\Projects\\tools\\FlexEngine\\build\\CMakeFiles\\CMakeTmp\\cmTC_2bc1c.vcxproj]\n\nMSVCRTD.lib(MSVCR120D.dll) : error LNK2005: \"public: virtual __thiscall std::exception::~exception(void)\" (??1exception@std@@UAE@XZ) already defined in LIBCMT.lib(stdexcpt.obj) [C:\\Projects\\tools\\FlexEngine\\build\\CMakeFiles\\CMakeTmp\\cmTC_2bc1c.vcxproj]\n\nMSVCRTD.lib(ti_inst.obj) : error LNK2005: \"private: __thiscall type_info::type_info(class type_info const \u0026amp;)\" (??0type_info@@AAE@ABV0@@Z) already defined in LIBCMT.lib(typinfo.obj) [C:\\Projects\\tools\\FlexEngine\\build\\CMakeFiles\\CMakeTmp\\cmTC_2bc1c.vcxproj]\n\nMSVCRTD.lib(ti_inst.obj) : error LNK2005: \"private: class type_info \u0026amp; __thiscall type_info::operator=(class type_info const \u0026amp;)\" (??4type_info@@AAEAAV0@ABV0@@Z) already defined in LIBCMT.lib(typinfo.obj) [C:\\Projects\\tools\\FlexEngine\\build\\CMakeFiles\\CMakeTmp\\cmTC_2bc1c.vcxproj]\n\nC:\\Projects\\tools\\FlexEngine\\build\\CMakeFiles\\CMakeTmp\\Release\\cmTC_2bc1c.exe : fatal error LNK1169: one or more multiply defined symbols found [C:\\Projects\\tools\\FlexEngine\\build\\CMakeFiles\\CMakeTmp\\cmTC_2bc1c.vcxproj]\n\n\n\n\n\n  1 Warning(s)\n\n  25 Error(s)\n\u003c/code\u003e\u003c/pre\u003e\n\u003cp\u003eTime Elapsed 00:00:00.74\u003c/p\u003e\n\u003cp\u003eCall Stack (most recent call first):\u003cbr\u003e\nCMakeLists.txt:30 (find_package)\u003c/p\u003e\n\u003cp\u003eConfiguring incomplete, errors occurred!\u003cbr\u003e\nSee also ‚ÄúC:/Projects/tools/FlexEngine/build/CMakeFiles/CMakeOutput.log‚Äù.[/quote][/spoiler]\u003c/p\u003e","post_number":1,"post_type":1,"updated_at":"2017-01-02T01:13:13.369Z","reply_count":0,"reply_to_post_number":null,"quote_count":0,"incoming_link_count":111,"reads":22,"readers_count":21,"score":559.4,"yours":false,"topic_id":2117,"topic_slug":"cant-build-urho3d-as-library","display_username":"Eugene Kozlov","primary_group_name":null,"flair_name":null,"flair_url":null,"flair_bg_color":null,"flair_color":null,"version":1,"can_edit":false,"can_delete":false,"can_recover":false,"can_wiki":false,"link_counts":[{"url":"http://urho3d.github.io/documentation/HEAD/_using_library.html","internal":false,"reflection":false,"title":"Urho3D - Documentation - Using Urho3D as external library","clicks":6}],"read":true,"user_title":"Core developer","title_is_group":false,"bookmarked":false,"actions_summary":[],"moderator":false,"admin":false,"staff":false,"user_id":484,"hidden":false,"trust_level":2,"deleted_at":null,"user_deleted":false,"edit_reason":null,"can_view_edit_history":true,"wiki":false,"can_accept_answer":false,"can_unaccept_answer":false,"accepted_answer":false},{"id":12804,"name":"Yao Wei Tjong","username":"weitjong","avatar_template":"/user_avatar/discourse.urho3d.io/weitjong/{size}/4_2.png","created_at":"2016-07-13T11:19:59.000Z","cooked":"\u003cp\u003eYou should not used document link for release 1.31 with the codebase from latest master branch (assuming that is what you were using). The URHO3D_HOME should point to a build tree. So, in your case it is the second path, if that path is what you claimed it is. Make sure a compatible library has been built in the build tree in question. If you have done this and still could not pass this check, read the error messages carefully. It usually provide enough information why it failed the test. Good luck.\u003c/p\u003e","post_number":2,"post_type":1,"updated_at":"2017-01-02T01:13:13.534Z","reply_count":0,"reply_to_post_number":null,"quote_count":0,"incoming_link_count":0,"reads":21,"readers_count":20,"score":4.2,"yours":false,"topic_id":2117,"topic_slug":"cant-build-urho3d-as-library","display_username":"Yao Wei Tjong","primary_group_name":null,"flair_name":null,"flair_url":null,"flair_bg_color":null,"flair_color":null,"version":1,"can_edit":false,"can_delete":false,"can_recover":false,"can_wiki":false,"read":true,"user_title":"Admin","title_is_group":false,"bookmarked":false,"actions_summary":[],"moderator":false,"admin":true,"staff":true,"user_id":4,"hidden":false,"trust_level":4,"deleted_at":null,"user_deleted":false,"edit_reason":null,"can_view_edit_history":true,"wiki":false,"can_accept_answer":false,"can_unaccept_answer":false,"accepted_answer":false},{"id":12805,"name":"Eugene Kozlov","username":"Eugene","avatar_template":"/user_avatar/discourse.urho3d.io/eugene/{size}/902_2.png","created_at":"2016-07-13T11:32:15.000Z","cooked":"\u003cp\u003eI posted wrong link.\u003cbr\u003e\nIt looks like usage of Urho as library has changed after I wrote my CMakeLists.txt - e.g. \u003cspan class=\"bbcode-b\"\u003efind_package\u003c/span\u003e disappeared.\u003cbr\u003e\nSo my CMakeLists.txt got out-of-dated and when I tried to re-configure it on clean PC I got these strange errors.\u003c/p\u003e","post_number":3,"post_type":1,"updated_at":"2017-01-02T01:13:13.595Z","reply_count":0,"reply_to_post_number":null,"quote_count":0,"incoming_link_count":0,"reads":21,"readers_count":20,"score":4.2,"yours":false,"topic_id":2117,"topic_slug":"cant-build-urho3d-as-library","display_username":"Eugene Kozlov","primary_group_name":null,"flair_name":null,"flair_url":null,"flair_bg_color":null,"flair_color":null,"version":1,"can_edit":false,"can_delete":false,"can_recover":false,"can_wiki":false,"read":true,"user_title":"Core developer","title_is_group":false,"bookmarked":false,"actions_summary":[],"moderator":false,"admin":false,"staff":false,"user_id":484,"hidden":false,"trust_level":2,"deleted_at":null,"user_deleted":false,"edit_reason":null,"can_view_edit_history":true,"wiki":false,"can_accept_answer":false,"can_unaccept_answer":false,"accepted_answer":false},{"id":12806,"name":"Yao Wei Tjong","username":"weitjong","avatar_template":"/user_avatar/discourse.urho3d.io/weitjong/{size}/4_2.png","created_at":"2016-07-13T11:46:14.000Z","cooked":"\u003cp\u003eWell, a lot have changed in our build system for the good or the bad, depends on your point of view. The find_package(URHO3D) is gone now as it is performed automatically inside the Urho3D common module. That is what you can see on the surface. Behind the scene, the modules now auto-discovers all the critical CMake variables in your project based on how the Urho3D library was being built. Of course, it needs to find a compatible Urho3D library in the first place. It is considered compatible when the module could actually build a simple test program linking to the candidate library that it found. If it failed in doing so then it means something is terribly wrong and it gives the error message as you see now. In the past, the module just blindly returned library that it found without checking. And if the found library is indeed not compatible then you will got the compilation error anyway later when you try to build your project. That is, the basic idea of the changes is to give the error up front.\u003c/p\u003e","post_number":4,"post_type":1,"updated_at":"2017-01-02T01:13:13.651Z","reply_count":0,"reply_to_post_number":null,"quote_count":0,"incoming_link_count":1,"reads":22,"readers_count":21,"score":9.4,"yours":false,"topic_id":2117,"topic_slug":"cant-build-urho3d-as-library","display_username":"Yao Wei Tjong","primary_group_name":null,"flair_name":null,"flair_url":null,"flair_bg_color":null,"flair_color":null,"version":1,"can_edit":false,"can_delete":false,"can_recover":false,"can_wiki":false,"read":true,"user_title":"Admin","title_is_group":false,"bookmarked":false,"actions_summary":[],"moderator":false,"admin":true,"staff":true,"user_id":4,"hidden":false,"trust_level":4,"deleted_at":null,"user_deleted":false,"edit_reason":null,"can_view_edit_history":true,"wiki":false,"can_accept_answer":false,"can_unaccept_answer":false,"accepted_answer":false}],"stream":[12803,12804,12805,12806]},"timeline_lookup":[[1,2324]],"suggested_topics":[{"id":7067,"title":"Can the latest Urho3D version be built with VS2013?","fancy_title":"Can the latest Urho3D version be built with VS2013?","slug":"can-the-latest-urho3d-version-be-built-with-vs2013","posts_count":3,"reply_count":0,"highest_post_number":3,"image_url":null,"created_at":"2021-11-25T18:00:24.336Z","last_posted_at":"2021-11-26T17:22:21.878Z","bumped":true,"bumped_at":"2021-11-26T17:22:21.878Z","archetype":"regular","unseen":false,"pinned":false,"unpinned":null,"visible":true,"closed":false,"archived":false,"bookmarked":null,"liked":null,"tags_descriptions":{},"like_count":0,"views":157,"category_id":10,"featured_link":null,"has_accepted_answer":true,"posters":[{"extras":"latest","description":"Original Poster, Most Recent Poster","user":{"id":861,"username":"GodMan","name":"","avatar_template":"https://avatars.discourse-cdn.com/v4/letter/g/e79b87/{size}.png"}},{"extras":null,"description":"Frequent Poster, Accepted Answer","user":{"id":4,"username":"weitjong","name":"Yao Wei Tjong","avatar_template":"/user_avatar/discourse.urho3d.io/weitjong/{size}/4_2.png"}}]},{"id":7086,"title":"Handling CrowdAgents that get stuck","fancy_title":"Handling CrowdAgents that get stuck","slug":"handling-crowdagents-that-get-stuck","posts_count":2,"reply_count":0,"highest_post_number":2,"image_url":null,"created_at":"2021-12-04T01:26:23.062Z","last_posted_at":"2021-12-05T04:37:54.143Z","bumped":true,"bumped_at":"2021-12-05T04:37:54.143Z","archetype":"regular","unseen":false,"pinned":false,"unpinned":null,"visible":true,"closed":false,"archived":false,"bookmarked":null,"liked":null,"tags_descriptions":{},"like_count":0,"views":137,"category_id":10,"featured_link":null,"has_accepted_answer":false,"posters":[{"extras":"latest single","description":"Original Poster, Most Recent Poster","user":{"id":861,"username":"GodMan","name":"","avatar_template":"https://avatars.discourse-cdn.com/v4/letter/g/e79b87/{size}.png"}}]},{"id":7092,"title":"Finding the World Space Coordinates of the Screen Edges","fancy_title":"Finding the World Space Coordinates of the Screen Edges","slug":"finding-the-world-space-coordinates-of-the-screen-edges","posts_count":6,"reply_count":2,"highest_post_number":6,"image_url":null,"created_at":"2021-12-07T20:53:49.453Z","last_posted_at":"2021-12-08T12:33:52.510Z","bumped":true,"bumped_at":"2021-12-08T12:33:52.510Z","archetype":"regular","unseen":false,"pinned":false,"unpinned":null,"visible":true,"closed":false,"archived":false,"bookmarked":null,"liked":null,"tags_descriptions":{},"like_count":1,"views":210,"category_id":10,"featured_link":null,"has_accepted_answer":true,"posters":[{"extras":"latest","description":"Original Poster, Most Recent Poster, Accepted Answer","user":{"id":1456,"username":"Jens","name":"","avatar_template":"https://avatars.discourse-cdn.com/v4/letter/j/d2c977/{size}.png"}},{"extras":null,"description":"Frequent Poster","user":{"id":192,"username":"Modanung","name":"È≠îÂ§ßÂÜú ùûçùûéùù≥ ÁèæÊãõËúç","avatar_template":"/user_avatar/discourse.urho3d.io/modanung/{size}/3290_2.png"}},{"extras":null,"description":"Frequent Poster","user":{"id":263,"username":"1vanK","name":"","avatar_template":"/user_avatar/discourse.urho3d.io/1vank/{size}/768_2.png"}}]},{"id":7074,"title":"First Person and 3rd person camera and water reflections","fancy_title":"First Person and 3rd person camera and water reflections","slug":"first-person-and-3rd-person-camera-and-water-reflections","posts_count":4,"reply_count":1,"highest_post_number":4,"image_url":null,"created_at":"2021-12-01T18:37:28.669Z","last_posted_at":"2021-12-01T21:19:51.519Z","bumped":true,"bumped_at":"2021-12-01T21:19:51.519Z","archetype":"regular","unseen":false,"pinned":false,"unpinned":null,"visible":true,"closed":false,"archived":false,"bookmarked":null,"liked":null,"tags_descriptions":{},"like_count":1,"views":158,"category_id":10,"featured_link":null,"has_accepted_answer":true,"posters":[{"extras":"latest","description":"Original Poster, Most Recent Poster, Accepted Answer","user":{"id":861,"username":"GodMan","name":"","avatar_template":"https://avatars.discourse-cdn.com/v4/letter/g/e79b87/{size}.png"}},{"extras":null,"description":"Frequent Poster","user":{"id":484,"username":"Eugene","name":"Eugene Kozlov","avatar_template":"/user_avatar/discourse.urho3d.io/eugene/{size}/902_2.png"}}]},{"id":7125,"title":"Android mobile shows jaggies in the instersection plane-terrain","fancy_title":"Android mobile shows jaggies in the instersection plane-terrain","slug":"android-mobile-shows-jaggies-in-the-instersection-plane-terrain","posts_count":5,"reply_count":3,"highest_post_number":5,"image_url":"https://global.discourse-cdn.com/standard17/uploads/urho3d/original/2X/d/d36aedb4e8cf5409efca6c976aae7e4a5c499eb9.png","created_at":"2022-01-11T11:59:18.993Z","last_posted_at":"2022-01-11T21:27:40.692Z","bumped":true,"bumped_at":"2022-01-12T07:36:41.695Z","archetype":"regular","unseen":false,"pinned":false,"unpinned":null,"visible":true,"closed":false,"archived":false,"bookmarked":null,"liked":null,"tags_descriptions":{},"like_count":0,"views":129,"category_id":10,"featured_link":null,"has_accepted_answer":true,"posters":[{"extras":"latest","description":"Original Poster, Most Recent Poster","user":{"id":856,"username":"feresmu","name":null,"avatar_template":"https://avatars.discourse-cdn.com/v4/letter/f/f08c70/{size}.png"}},{"extras":null,"description":"Frequent Poster, Accepted Answer","user":{"id":484,"username":"Eugene","name":"Eugene Kozlov","avatar_template":"/user_avatar/discourse.urho3d.io/eugene/{size}/902_2.png"}}]}],"tags_descriptions":{},"id":2117,"title":"Can't build Urho3D as library","fancy_title":"Can\u0026rsquo;t build Urho3D as library","posts_count":4,"created_at":"2016-07-13T10:31:04.000Z","views":691,"reply_count":0,"like_count":0,"last_posted_at":"2016-07-13T11:46:14.000Z","visible":true,"closed":false,"archived":false,"has_summary":false,"archetype":"regular","slug":"cant-build-urho3d-as-library","category_id":10,"word_count":3002,"deleted_at":null,"user_id":484,"featured_link":null,"pinned_globally":false,"pinned_at":null,"pinned_until":null,"image_url":null,"slow_mode_seconds":0,"draft":null,"draft_key":"topic_2117","draft_sequence":null,"unpinned":null,"pinned":false,"current_post_number":1,"highest_post_number":4,"deleted_by":null,"actions_summary":[{"id":4,"count":0,"hidden":false,"can_act":false},{"id":8,"count":0,"hidden":false,"can_act":false},{"id":7,"count":0,"hidden":false,"can_act":false}],"chunk_size":20,"bookmarked":false,"bookmarks":[],"topic_timer":null,"message_bus_last_id":0,"participant_count":2,"show_read_indicator":false,"thumbnails":null,"slow_mode_enabled_until":null,"tags_disable_ads":false,"details":{"can_edit":false,"notification_level":1,"participants":[{"id":4,"username":"weitjong","name":"Yao Wei Tjong","avatar_template":"/user_avatar/discourse.urho3d.io/weitjong/{size}/4_2.png","post_count":2,"primary_group_name":null,"flair_name":null,"flair_url":null,"flair_color":null,"flair_bg_color":null,"admin":true,"trust_level":4},{"id":484,"username":"Eugene","name":"Eugene Kozlov","avatar_template":"/user_avatar/discourse.urho3d.io/eugene/{size}/902_2.png","post_count":2,"primary_group_name":null,"flair_name":null,"flair_url":null,"flair_color":null,"flair_bg_color":null,"trust_level":2}],"created_by":{"id":484,"username":"Eugene","name":"Eugene Kozlov","avatar_template":"/user_avatar/discourse.urho3d.io/eugene/{size}/902_2.png"},"last_poster":{"id":4,"username":"weitjong","name":"Yao Wei Tjong","avatar_template":"/user_avatar/discourse.urho3d.io/weitjong/{size}/4_2.png"},"links":[{"url":"http://urho3d.github.io/documentation/HEAD/_using_library.html","title":"Urho3D - Documentation - Using Urho3D as external library","internal":false,"attachment":false,"reflection":false,"clicks":6,"user_id":484,"domain":"urho3d.github.io","root_domain":"urho3d.github.io"}]}}