{"post_stream":{"posts":[{"id":23847,"name":"Rahul Shah","username":"rahulsanjay18","avatar_template":"/user_avatar/discourse.urho3d.io/rahulsanjay18/{size}/1417_2.png","created_at":"2018-03-26T16:54:20.577Z","cooked":"\u003cp\u003eI haven’t even started using the engine because when I use the Generate button with Cmake, I get this error:\u003cbr\u003e\n\u003cimg src=\"https://global.discourse-cdn.com/standard17/uploads/urho3d/original/2X/0/0a1666a134638427eefa889da7fc01d67383ec6e.PNG\" alt=\"errorCmake\" width=\"471\" height=\"144\"\u003e\u003c/p\u003e\n\u003cp\u003eWhen looking at the log file, I see this:\u003c/p\u003e\n\u003cpre\u003e\u003ccode\u003eDetermining if the function __sincosf exists failed with the following output:\nChange Dir: C:/Users/rahul/Videos/Urho3D_Build/CMakeFiles/CMakeTmp\n\nRun Build Command:\"C:/Program Files (x86)/Microsoft Visual Studio/2017/Community/MSBuild/15.0/Bin/MSBuild.exe\" \"cmTC_63912.vcxproj\" \"/p:Configuration=Debug\" \"/p:VisualStudioVersion=15.0\"\nMicrosoft (R) Build Engine version 15.3.409.57025 for .NET Framework\n\nCopyright (C) Microsoft Corporation. All rights reserved.\n\n\n\nBuild started 3/26/2018 12:06:23 PM.\n\nProject \"C:\\Users\\rahul\\Videos\\Urho3D_Build\\CMakeFiles\\CMakeTmp\\cmTC_63912.vcxproj\" on node 1 (default targets).\n\nPrepareForBuild:\n\n  Creating directory \"cmTC_63912.dir\\Debug\\\".\n\n  Creating directory \"C:\\Users\\rahul\\Videos\\Urho3D_Build\\CMakeFiles\\CMakeTmp\\Debug\\\".\n\n  Creating directory \"cmTC_63912.dir\\Debug\\cmTC_63912.tlog\\\".\n\nInitializeBuildStatus:\n\n  Creating \"cmTC_63912.dir\\Debug\\cmTC_63912.tlog\\unsuccessfulbuild\" because \"AlwaysCreate\" was specified.\n\nClCompile:\n\n  C:\\Program Files (x86)\\Microsoft Visual Studio\\2017\\Community\\VC\\Tools\\MSVC\\14.11.25503\\bin\\HostX86\\x86\\CL.exe /c /Zi /W3 /WX- /diagnostics:classic /MP /Od /Ob0 /Oy- /D WIN32 /D _WINDOWS /D CHECK_FUNCTION_EXISTS=__sincosf /D \"CMAKE_INTDIR=\\\"Debug\\\"\" /D _MBCS /Gm- /RTC1 /MDd /GS /fp:precise /Zc:wchar_t /Zc:forScope /Zc:inline /Fo\"cmTC_63912.dir\\Debug\\\\\" /Fd\"cmTC_63912.dir\\Debug\\vc141.pdb\" /Gd /TC /analyze- /errorReport:queue \"C:\\Program Files\\CMake\\share\\cmake-3.11\\Modules\\CheckFunctionExists.c\"\n\n  Microsoft (R) C/C++ Optimizing Compiler Version 19.11.25507.1 for x86\n\n  Copyright (C) Microsoft Corporation.  All rights reserved.\n\n  \n\n  cl /c /Zi /W3 /WX- /diagnostics:classic /MP /Od /Ob0 /Oy- /D WIN32 /D _WINDOWS /D CHECK_FUNCTION_EXISTS=__sincosf /D \"CMAKE_INTDIR=\\\"Debug\\\"\" /D _MBCS /Gm- /RTC1 /MDd /GS /fp:precise /Zc:wchar_t /Zc:forScope /Zc:inline /Fo\"cmTC_63912.dir\\Debug\\\\\" /Fd\"cmTC_63912.dir\\Debug\\vc141.pdb\" /Gd /TC /analyze- /errorReport:queue \"C:\\Program Files\\CMake\\share\\cmake-3.11\\Modules\\CheckFunctionExists.c\"\n\n  CheckFunctionExists.c\n\n  \n\nLink:\n\n  C:\\Program Files (x86)\\Microsoft Visual Studio\\2017\\Community\\VC\\Tools\\MSVC\\14.11.25503\\bin\\HostX86\\x86\\link.exe /ERRORREPORT:QUEUE /OUT:\"C:\\Users\\rahul\\Videos\\Urho3D_Build\\CMakeFiles\\CMakeTmp\\Debug\\cmTC_63912.exe\" /INCREMENTAL /NOLOGO kernel32.lib user32.lib gdi32.lib winspool.lib shell32.lib ole32.lib oleaut32.lib uuid.lib comdlg32.lib advapi32.lib /MANIFEST /MANIFESTUAC:\"level='asInvoker' uiAccess='false'\" /manifest:embed /DEBUG /PDB:\"C:/Users/rahul/Videos/Urho3D_Build/CMakeFiles/CMakeTmp/Debug/cmTC_63912.pdb\" /SUBSYSTEM:CONSOLE /TLBID:1 /DYNAMICBASE /NXCOMPAT /IMPLIB:\"C:/Users/rahul/Videos/Urho3D_Build/CMakeFiles/CMakeTmp/Debug/cmTC_63912.lib\" /MACHINE:X86 /SAFESEH  /machine:X86 cmTC_63912.dir\\Debug\\CheckFunctionExists.obj\n\nCheckFunctionExists.obj : error LNK2019: unresolved external symbol ___sincosf referenced in function _main [C:\\Users\\rahul\\Videos\\Urho3D_Build\\CMakeFiles\\CMakeTmp\\cmTC_63912.vcxproj]\n\nC:\\Users\\rahul\\Videos\\Urho3D_Build\\CMakeFiles\\CMakeTmp\\Debug\\cmTC_63912.exe : fatal error LNK1120: 1 unresolved externals [C:\\Users\\rahul\\Videos\\Urho3D_Build\\CMakeFiles\\CMakeTmp\\cmTC_63912.vcxproj]\n\nDone Building Project \"C:\\Users\\rahul\\Videos\\Urho3D_Build\\CMakeFiles\\CMakeTmp\\cmTC_63912.vcxproj\" (default targets) -- FAILED.\n\n\n\nBuild FAILED.\n\n\n\n\"C:\\Users\\rahul\\Videos\\Urho3D_Build\\CMakeFiles\\CMakeTmp\\cmTC_63912.vcxproj\" (default target) (1) -\u0026gt;\n\n(Link target) -\u0026gt; \n\n  CheckFunctionExists.obj : error LNK2019: unresolved external symbol ___sincosf referenced in function _main [C:\\Users\\rahul\\Videos\\Urho3D_Build\\CMakeFiles\\CMakeTmp\\cmTC_63912.vcxproj]\n\n  C:\\Users\\rahul\\Videos\\Urho3D_Build\\CMakeFiles\\CMakeTmp\\Debug\\cmTC_63912.exe : fatal error LNK1120: 1 unresolved externals [C:\\Users\\rahul\\Videos\\Urho3D_Build\\CMakeFiles\\CMakeTmp\\cmTC_63912.vcxproj]\n\n\n\n    0 Warning(s)\n\n    2 Error(s)\n\n\n\nTime Elapsed 00:00:02.21\n\n\n\nDetermining if the function malloc_usable_size exists failed with the following output:\nChange Dir: C:/Users/rahul/Videos/Urho3D_Build/CMakeFiles/CMakeTmp\n\nRun Build Command:\"C:/Program Files (x86)/Microsoft Visual Studio/2017/Community/MSBuild/15.0/Bin/MSBuild.exe\" \"cmTC_8c72c.vcxproj\" \"/p:Configuration=Debug\" \"/p:VisualStudioVersion=15.0\"\nMicrosoft (R) Build Engine version 15.3.409.57025 for .NET Framework\n\nCopyright (C) Microsoft Corporation. All rights reserved.\n\n\n\nBuild started 3/26/2018 12:06:26 PM.\n\nProject \"C:\\Users\\rahul\\Videos\\Urho3D_Build\\CMakeFiles\\CMakeTmp\\cmTC_8c72c.vcxproj\" on node 1 (default targets).\n\nPrepareForBuild:\n\n  Creating directory \"cmTC_8c72c.dir\\Debug\\\".\n\n  Creating directory \"C:\\Users\\rahul\\Videos\\Urho3D_Build\\CMakeFiles\\CMakeTmp\\Debug\\\".\n\n  Creating directory \"cmTC_8c72c.dir\\Debug\\cmTC_8c72c.tlog\\\".\n\nInitializeBuildStatus:\n\n  Creating \"cmTC_8c72c.dir\\Debug\\cmTC_8c72c.tlog\\unsuccessfulbuild\" because \"AlwaysCreate\" was specified.\n\nClCompile:\n\n  C:\\Program Files (x86)\\Microsoft Visual Studio\\2017\\Community\\VC\\Tools\\MSVC\\14.11.25503\\bin\\HostX86\\x86\\CL.exe /c /Zi /W3 /WX- /diagnostics:classic /MP /Od /Ob0 /Oy- /D WIN32 /D _WINDOWS /D CHECK_FUNCTION_EXISTS=malloc_usable_size /D \"CMAKE_INTDIR=\\\"Debug\\\"\" /D _MBCS /Gm- /RTC1 /MDd /GS /fp:precise /Zc:wchar_t /Zc:forScope /Zc:inline /Fo\"cmTC_8c72c.dir\\Debug\\\\\" /Fd\"cmTC_8c72c.dir\\Debug\\vc141.pdb\" /Gd /TC /analyze- /errorReport:queue \"C:\\Program Files\\CMake\\share\\cmake-3.11\\Modules\\CheckFunctionExists.c\"\n\n  Microsoft (R) C/C++ Optimizing Compiler Version 19.11.25507.1 for x86\n\n  Copyright (C) Microsoft Corporation.  All rights reserved.\n\n  \n\n  cl /c /Zi /W3 /WX- /diagnostics:classic /MP /Od /Ob0 /Oy- /D WIN32 /D _WINDOWS /D CHECK_FUNCTION_EXISTS=malloc_usable_size /D \"CMAKE_INTDIR=\\\"Debug\\\"\" /D _MBCS /Gm- /RTC1 /MDd /GS /fp:precise /Zc:wchar_t /Zc:forScope /Zc:inline /Fo\"cmTC_8c72c.dir\\Debug\\\\\" /Fd\"cmTC_8c72c.dir\\Debug\\vc141.pdb\" /Gd /TC /analyze- /errorReport:queue \"C:\\Program Files\\CMake\\share\\cmake-3.11\\Modules\\CheckFunctionExists.c\"\n\n  CheckFunctionExists.c\n\n  \n\nLink:\n\n  C:\\Program Files (x86)\\Microsoft Visual Studio\\2017\\Community\\VC\\Tools\\MSVC\\14.11.25503\\bin\\HostX86\\x86\\link.exe /ERRORREPORT:QUEUE /OUT:\"C:\\Users\\rahul\\Videos\\Urho3D_Build\\CMakeFiles\\CMakeTmp\\Debug\\cmTC_8c72c.exe\" /INCREMENTAL /NOLOGO kernel32.lib user32.lib gdi32.lib winspool.lib shell32.lib ole32.lib oleaut32.lib uuid.lib comdlg32.lib advapi32.lib /MANIFEST /MANIFESTUAC:\"level='asInvoker' uiAccess='false'\" /manifest:embed /DEBUG /PDB:\"C:/Users/rahul/Videos/Urho3D_Build/CMakeFiles/CMakeTmp/Debug/cmTC_8c72c.pdb\" /SUBSYSTEM:CONSOLE /TLBID:1 /DYNAMICBASE /NXCOMPAT /IMPLIB:\"C:/Users/rahul/Videos/Urho3D_Build/CMakeFiles/CMakeTmp/Debug/cmTC_8c72c.lib\" /MACHINE:X86 /SAFESEH  /machine:X86 cmTC_8c72c.dir\\Debug\\CheckFunctionExists.obj\n\nCheckFunctionExists.obj : error LNK2019: unresolved external symbol _malloc_usable_size referenced in function _main [C:\\Users\\rahul\\Videos\\Urho3D_Build\\CMakeFiles\\CMakeTmp\\cmTC_8c72c.vcxproj]\n\nC:\\Users\\rahul\\Videos\\Urho3D_Build\\CMakeFiles\\CMakeTmp\\Debug\\cmTC_8c72c.exe : fatal error LNK1120: 1 unresolved externals [C:\\Users\\rahul\\Videos\\Urho3D_Build\\CMakeFiles\\CMakeTmp\\cmTC_8c72c.vcxproj]\n\nDone Building Project \"C:\\Users\\rahul\\Videos\\Urho3D_Build\\CMakeFiles\\CMakeTmp\\cmTC_8c72c.vcxproj\" (default targets) -- FAILED.\n\n\n\nBuild FAILED.\n\n\n\n\"C:\\Users\\rahul\\Videos\\Urho3D_Build\\CMakeFiles\\CMakeTmp\\cmTC_8c72c.vcxproj\" (default target) (1) -\u0026gt;\n\n(Link target) -\u0026gt; \n\n  CheckFunctionExists.obj : error LNK2019: unresolved external symbol _malloc_usable_size referenced in function _main [C:\\Users\\rahul\\Videos\\Urho3D_Build\\CMakeFiles\\CMakeTmp\\cmTC_8c72c.vcxproj]\n\n  C:\\Users\\rahul\\Videos\\Urho3D_Build\\CMakeFiles\\CMakeTmp\\Debug\\cmTC_8c72c.exe : fatal error LNK1120: 1 unresolved externals [C:\\Users\\rahul\\Videos\\Urho3D_Build\\CMakeFiles\\CMakeTmp\\cmTC_8c72c.vcxproj]\n\n\n\n    0 Warning(s)\n\n    2 Error(s)\n\n\n\nTime Elapsed 00:00:02.06\n\n\n\nDetermining if the function sincosf exists in the m failed with the following output:\nChange Dir: C:/Users/rahul/Videos/Urho3D_Build/CMakeFiles/CMakeTmp\n\nRun Build Command:\"C:/Program Files (x86)/Microsoft Visual Studio/2017/Community/MSBuild/15.0/Bin/MSBuild.exe\" \"cmTC_3954b.vcxproj\" \"/p:Configuration=Debug\" \"/p:VisualStudioVersion=15.0\"\nMicrosoft (R) Build Engine version 15.3.409.57025 for .NET Framework\n\nCopyright (C) Microsoft Corporation. All rights reserved.\n\n\n\nBuild started 3/26/2018 12:06:29 PM.\n\nProject \"C:\\Users\\rahul\\Videos\\Urho3D_Build\\CMakeFiles\\CMakeTmp\\cmTC_3954b.vcxproj\" on node 1 (default targets).\n\nPrepareForBuild:\n\n  Creating directory \"cmTC_3954b.dir\\Debug\\\".\n\n  Creating directory \"C:\\Users\\rahul\\Videos\\Urho3D_Build\\CMakeFiles\\CMakeTmp\\Debug\\\".\n\n  Creating directory \"cmTC_3954b.dir\\Debug\\cmTC_3954b.tlog\\\".\n\nInitializeBuildStatus:\n\n  Creating \"cmTC_3954b.dir\\Debug\\cmTC_3954b.tlog\\unsuccessfulbuild\" because \"AlwaysCreate\" was specified.\n\nClCompile:\n\n  C:\\Program Files (x86)\\Microsoft Visual Studio\\2017\\Community\\VC\\Tools\\MSVC\\14.11.25503\\bin\\HostX86\\x86\\CL.exe /c /Zi /W3 /WX- /diagnostics:classic /MP /Od /Ob0 /Oy- /D WIN32 /D _WINDOWS /D CHECK_FUNCTION_EXISTS=sincosf /D \"CMAKE_INTDIR=\\\"Debug\\\"\" /D _MBCS /Gm- /RTC1 /MDd /GS /fp:precise /Zc:wchar_t /Zc:forScope /Zc:inline /Fo\"cmTC_3954b.dir\\Debug\\\\\" /Fd\"cmTC_3954b.dir\\Debug\\vc141.pdb\" /Gd /TC /analyze- /errorReport:queue \"C:\\Program Files\\CMake\\share\\cmake-3.11\\Modules\\CheckFunctionExists.c\"\n\n  Microsoft (R) C/C++ Optimizing Compiler Version 19.11.25507.1 for x86\n\n  Copyright (C) Microsoft Corporation.  All rights reserved.\n\n  \n\n  cl /c /Zi /W3 /WX- /diagnostics:classic /MP /Od /Ob0 /Oy- /D WIN32 /D _WINDOWS /D CHECK_FUNCTION_EXISTS=sincosf /D \"CMAKE_INTDIR=\\\"Debug\\\"\" /D _MBCS /Gm- /RTC1 /MDd /GS /fp:precise /Zc:wchar_t /Zc:forScope /Zc:inline /Fo\"cmTC_3954b.dir\\Debug\\\\\" /Fd\"cmTC_3954b.dir\\Debug\\vc141.pdb\" /Gd /TC /analyze- /errorReport:queue \"C:\\Program Files\\CMake\\share\\cmake-3.11\\Modules\\CheckFunctionExists.c\"\n\n  CheckFunctionExists.c\n\n  \n\nLink:\n\n  C:\\Program Files (x86)\\Microsoft Visual Studio\\2017\\Community\\VC\\Tools\\MSVC\\14.11.25503\\bin\\HostX86\\x86\\link.exe /ERRORREPORT:QUEUE /OUT:\"C:\\Users\\rahul\\Videos\\Urho3D_Build\\CMakeFiles\\CMakeTmp\\Debug\\cmTC_3954b.exe\" /INCREMENTAL /NOLOGO m.lib kernel32.lib user32.lib gdi32.lib winspool.lib shell32.lib ole32.lib oleaut32.lib uuid.lib comdlg32.lib advapi32.lib /MANIFEST /MANIFESTUAC:\"level='asInvoker' uiAccess='false'\" /manifest:embed /DEBUG /PDB:\"C:/Users/rahul/Videos/Urho3D_Build/CMakeFiles/CMakeTmp/Debug/cmTC_3954b.pdb\" /SUBSYSTEM:CONSOLE /TLBID:1 /DYNAMICBASE /NXCOMPAT /IMPLIB:\"C:/Users/rahul/Videos/Urho3D_Build/CMakeFiles/CMakeTmp/Debug/cmTC_3954b.lib\" /MACHINE:X86 /SAFESEH  /machine:X86 cmTC_3954b.dir\\Debug\\CheckFunctionExists.obj\n\nLINK : fatal error LNK1104: cannot open file 'm.lib' [C:\\Users\\rahul\\Videos\\Urho3D_Build\\CMakeFiles\\CMakeTmp\\cmTC_3954b.vcxproj]\n\nDone Building Project \"C:\\Users\\rahul\\Videos\\Urho3D_Build\\CMakeFiles\\CMakeTmp\\cmTC_3954b.vcxproj\" (default targets) -- FAILED.\n\n\n\nBuild FAILED.\n\n\n\n\"C:\\Users\\rahul\\Videos\\Urho3D_Build\\CMakeFiles\\CMakeTmp\\cmTC_3954b.vcxproj\" (default target) (1) -\u0026gt;\n\n(Link target) -\u0026gt; \n\n  LINK : fatal error LNK1104: cannot open file 'm.lib' [C:\\Users\\rahul\\Videos\\Urho3D_Build\\CMakeFiles\\CMakeTmp\\cmTC_3954b.vcxproj]\n\n\n\n    0 Warning(s)\n\n    1 Error(s)\n\n\n\nTime Elapsed 00:00:01.38\n\n\n\nPerforming C SOURCE FILE Test HAVE_XINPUT_GAMEPAD_EX failed with the following output:\nChange Dir: C:/Users/rahul/Videos/Urho3D_Build/CMakeFiles/CMakeTmp\n\nRun Build Command:\"C:/Program Files (x86)/Microsoft Visual Studio/2017/Community/MSBuild/15.0/Bin/MSBuild.exe\" \"cmTC_43949.vcxproj\" \"/p:Configuration=Debug\" \"/p:VisualStudioVersion=15.0\"\nMicrosoft (R) Build Engine version 15.3.409.57025 for .NET Framework\n\nCopyright (C) Microsoft Corporation. All rights reserved.\n\n\n\nBuild started 3/26/2018 12:06:37 PM.\n\nProject \"C:\\Users\\rahul\\Videos\\Urho3D_Build\\CMakeFiles\\CMakeTmp\\cmTC_43949.vcxproj\" on node 1 (default targets).\n\nPrepareForBuild:\n\n  Creating directory \"cmTC_43949.dir\\Debug\\\".\n\n  Creating directory \"C:\\Users\\rahul\\Videos\\Urho3D_Build\\CMakeFiles\\CMakeTmp\\Debug\\\".\n\n  Creating directory \"cmTC_43949.dir\\Debug\\cmTC_43949.tlog\\\".\n\nInitializeBuildStatus:\n\n  Creating \"cmTC_43949.dir\\Debug\\cmTC_43949.tlog\\unsuccessfulbuild\" because \"AlwaysCreate\" was specified.\n\nClCompile:\n\n  C:\\Program Files (x86)\\Microsoft Visual Studio\\2017\\Community\\VC\\Tools\\MSVC\\14.11.25503\\bin\\HostX86\\x86\\CL.exe /c /Zi /W3 /WX- /diagnostics:classic /MP /Od /Ob0 /Oy- /D WIN32 /D _WINDOWS /D HAVE_XINPUT_GAMEPAD_EX /D \"CMAKE_INTDIR=\\\"Debug\\\"\" /D _MBCS /Gm- /RTC1 /MDd /GS /fp:precise /Zc:wchar_t /Zc:forScope /Zc:inline /Fo\"cmTC_43949.dir\\Debug\\\\\" /Fd\"cmTC_43949.dir\\Debug\\vc141.pdb\" /Gd /TC /analyze- /errorReport:queue C:\\Users\\rahul\\Videos\\Urho3D_Build\\CMakeFiles\\CMakeTmp\\src.c\n\n  Microsoft (R) C/C++ Optimizing Compiler Version 19.11.25507.1 for x86\n\n  Copyright (C) Microsoft Corporation.  All rights reserved.\n\n  \n\n  cl /c /Zi /W3 /WX- /diagnostics:classic /MP /Od /Ob0 /Oy- /D WIN32 /D _WINDOWS /D HAVE_XINPUT_GAMEPAD_EX /D \"CMAKE_INTDIR=\\\"Debug\\\"\" /D _MBCS /Gm- /RTC1 /MDd /GS /fp:precise /Zc:wchar_t /Zc:forScope /Zc:inline /Fo\"cmTC_43949.dir\\Debug\\\\\" /Fd\"cmTC_43949.dir\\Debug\\vc141.pdb\" /Gd /TC /analyze- /errorReport:queue C:\\Users\\rahul\\Videos\\Urho3D_Build\\CMakeFiles\\CMakeTmp\\src.c\n\n  src.c\n\n  \n\nC:\\Program Files (x86)\\Windows Kits\\10\\Include\\10.0.15063.0\\um\\winnt.h(154): fatal error C1189: #error:  \"No Target Architecture\" [C:\\Users\\rahul\\Videos\\Urho3D_Build\\CMakeFiles\\CMakeTmp\\cmTC_43949.vcxproj]\n\nDone Building Project \"C:\\Users\\rahul\\Videos\\Urho3D_Build\\CMakeFiles\\CMakeTmp\\cmTC_43949.vcxproj\" (default targets) -- FAILED.\n\n\n\nBuild FAILED.\n\n\n\n\"C:\\Users\\rahul\\Videos\\Urho3D_Build\\CMakeFiles\\CMakeTmp\\cmTC_43949.vcxproj\" (default target) (1) -\u0026gt;\n\n(ClCompile target) -\u0026gt; \n\n  C:\\Program Files (x86)\\Windows Kits\\10\\Include\\10.0.15063.0\\um\\winnt.h(154): fatal error C1189: #error:  \"No Target Architecture\" [C:\\Users\\rahul\\Videos\\Urho3D_Build\\CMakeFiles\\CMakeTmp\\cmTC_43949.vcxproj]\n\n\n\n    0 Warning(s)\n\n    1 Error(s)\n\n\n\nTime Elapsed 00:00:01.08\n\n\nSource file was:\n\n#include \u0026lt;xinput.h\u0026gt;\n\nint main()\n{\n   (void)sizeof(((XINPUT_GAMEPAD_EX *)0)-\u0026gt;wButtons);\n   return 0;\n}\n\nPerforming C SOURCE FILE Test HAVE_XINPUT_STATE_EX failed with the following output:\nChange Dir: C:/Users/rahul/Videos/Urho3D_Build/CMakeFiles/CMakeTmp\n\nRun Build Command:\"C:/Program Files (x86)/Microsoft Visual Studio/2017/Community/MSBuild/15.0/Bin/MSBuild.exe\" \"cmTC_658a8.vcxproj\" \"/p:Configuration=Debug\" \"/p:VisualStudioVersion=15.0\"\nMicrosoft (R) Build Engine version 15.3.409.57025 for .NET Framework\n\nCopyright (C) Microsoft Corporation. All rights reserved.\n\n\n\nBuild started 3/26/2018 12:06:39 PM.\n\nProject \"C:\\Users\\rahul\\Videos\\Urho3D_Build\\CMakeFiles\\CMakeTmp\\cmTC_658a8.vcxproj\" on node 1 (default targets).\n\nPrepareForBuild:\n\n  Creating directory \"cmTC_658a8.dir\\Debug\\\".\n\n  Creating directory \"C:\\Users\\rahul\\Videos\\Urho3D_Build\\CMakeFiles\\CMakeTmp\\Debug\\\".\n\n  Creating directory \"cmTC_658a8.dir\\Debug\\cmTC_658a8.tlog\\\".\n\nInitializeBuildStatus:\n\n  Creating \"cmTC_658a8.dir\\Debug\\cmTC_658a8.tlog\\unsuccessfulbuild\" because \"AlwaysCreate\" was specified.\n\nClCompile:\n\n  C:\\Program Files (x86)\\Microsoft Visual Studio\\2017\\Community\\VC\\Tools\\MSVC\\14.11.25503\\bin\\HostX86\\x86\\CL.exe /c /Zi /W3 /WX- /diagnostics:classic /MP /Od /Ob0 /Oy- /D WIN32 /D _WINDOWS /D HAVE_XINPUT_STATE_EX /D \"CMAKE_INTDIR=\\\"Debug\\\"\" /D _MBCS /Gm- /RTC1 /MDd /GS /fp:precise /Zc:wchar_t /Zc:forScope /Zc:inline /Fo\"cmTC_658a8.dir\\Debug\\\\\" /Fd\"cmTC_658a8.dir\\Debug\\vc141.pdb\" /Gd /TC /analyze- /errorReport:queue C:\\Users\\rahul\\Videos\\Urho3D_Build\\CMakeFiles\\CMakeTmp\\src.c\n\n  Microsoft (R) C/C++ Optimizing Compiler Version 19.11.25507.1 for x86\n\n  Copyright (C) Microsoft Corporation.  All rights reserved.\n\n  \n\n  cl /c /Zi /W3 /WX- /diagnostics:classic /MP /Od /Ob0 /Oy- /D WIN32 /D _WINDOWS /D HAVE_XINPUT_STATE_EX /D \"CMAKE_INTDIR=\\\"Debug\\\"\" /D _MBCS /Gm- /RTC1 /MDd /GS /fp:precise /Zc:wchar_t /Zc:forScope /Zc:inline /Fo\"cmTC_658a8.dir\\Debug\\\\\" /Fd\"cmTC_658a8.dir\\Debug\\vc141.pdb\" /Gd /TC /analyze- /errorReport:queue C:\\Users\\rahul\\Videos\\Urho3D_Build\\CMakeFiles\\CMakeTmp\\src.c\n\n  src.c\n\n  \n\nC:\\Program Files (x86)\\Windows Kits\\10\\Include\\10.0.15063.0\\um\\winnt.h(154): fatal error C1189: #error:  \"No Target Architecture\" [C:\\Users\\rahul\\Videos\\Urho3D_Build\\CMakeFiles\\CMakeTmp\\cmTC_658a8.vcxproj]\n\nDone Building Project \"C:\\Users\\rahul\\Videos\\Urho3D_Build\\CMakeFiles\\CMakeTmp\\cmTC_658a8.vcxproj\" (default targets) -- FAILED.\n\n\n\nBuild FAILED.\n\n\n\n\"C:\\Users\\rahul\\Videos\\Urho3D_Build\\CMakeFiles\\CMakeTmp\\cmTC_658a8.vcxproj\" (default target) (1) -\u0026gt;\n\n(ClCompile target) -\u0026gt; \n\n  C:\\Program Files (x86)\\Windows Kits\\10\\Include\\10.0.15063.0\\um\\winnt.h(154): fatal error C1189: #error:  \"No Target Architecture\" [C:\\Users\\rahul\\Videos\\Urho3D_Build\\CMakeFiles\\CMakeTmp\\cmTC_658a8.vcxproj]\n\n\n\n    0 Warning(s)\n\n    1 Error(s)\n\n\n\nTime Elapsed 00:00:01.08\n\n\nSource file was:\n\n#include \u0026lt;xinput.h\u0026gt;\n\nint main()\n{\n   (void)sizeof(((XINPUT_STATE_EX *)0)-\u0026gt;dwPacketNumber);\n   return 0;\n}\n\nDetermining if the _TIMESPEC_DEFINED exist failed with the following output:\nChange Dir: C:/Users/rahul/Videos/Urho3D_Build/CMakeFiles/CMakeTmp\n\nRun Build Command:\"C:/Program Files (x86)/Microsoft Visual Studio/2017/Community/MSBuild/15.0/Bin/MSBuild.exe\" \"cmTC_16f75.vcxproj\" \"/p:Configuration=Debug\" \"/p:VisualStudioVersion=15.0\"\nMicrosoft (R) Build Engine version 15.3.409.57025 for .NET Framework\n\nCopyright (C) Microsoft Corporation. All rights reserved.\n\n\n\nBuild started 3/26/2018 12:06:50 PM.\n\nProject \"C:\\Users\\rahul\\Videos\\Urho3D_Build\\CMakeFiles\\CMakeTmp\\cmTC_16f75.vcxproj\" on node 1 (default targets).\n\nPrepareForBuild:\n\n  Creating directory \"cmTC_16f75.dir\\Debug\\\".\n\n  Creating directory \"C:\\Users\\rahul\\Videos\\Urho3D_Build\\CMakeFiles\\CMakeTmp\\Debug\\\".\n\n  Creating directory \"cmTC_16f75.dir\\Debug\\cmTC_16f75.tlog\\\".\n\nInitializeBuildStatus:\n\n  Creating \"cmTC_16f75.dir\\Debug\\cmTC_16f75.tlog\\unsuccessfulbuild\" because \"AlwaysCreate\" was specified.\n\nClCompile:\n\n  C:\\Program Files (x86)\\Microsoft Visual Studio\\2017\\Community\\VC\\Tools\\MSVC\\14.11.25503\\bin\\HostX86\\x86\\CL.exe /c /Zi /W3 /WX- /diagnostics:classic /MP /Od /Ob0 /Oy- /D WIN32 /D _WINDOWS /D \"CMAKE_INTDIR=\\\"Debug\\\"\" /D _MBCS /Gm- /RTC1 /MDd /GS /fp:precise /Zc:wchar_t /Zc:forScope /Zc:inline /Fo\"cmTC_16f75.dir\\Debug\\\\\" /Fd\"cmTC_16f75.dir\\Debug\\vc141.pdb\" /Gd /TC /analyze- /errorReport:queue C:\\Users\\rahul\\Videos\\Urho3D_Build\\CMakeFiles\\CMakeTmp\\CheckSymbolExists.c\n\n  Microsoft (R) C/C++ Optimizing Compiler Version 19.11.25507.1 for x86\n\n  Copyright (C) Microsoft Corporation.  All rights reserved.\n\n  \n\n  cl /c /Zi /W3 /WX- /diagnostics:classic /MP /Od /Ob0 /Oy- /D WIN32 /D _WINDOWS /D \"CMAKE_INTDIR=\\\"Debug\\\"\" /D _MBCS /Gm- /RTC1 /MDd /GS /fp:precise /Zc:wchar_t /Zc:forScope /Zc:inline /Fo\"cmTC_16f75.dir\\Debug\\\\\" /Fd\"cmTC_16f75.dir\\Debug\\vc141.pdb\" /Gd /TC /analyze- /errorReport:queue C:\\Users\\rahul\\Videos\\Urho3D_Build\\CMakeFiles\\CMakeTmp\\CheckSymbolExists.c\n\n  CheckSymbolExists.c\n\n  \n\nC:\\Users\\rahul\\Videos\\Urho3D_Build\\CMakeFiles\\CMakeTmp\\CheckSymbolExists.c(8): error C2065: '_TIMESPEC_DEFINED': undeclared identifier [C:\\Users\\rahul\\Videos\\Urho3D_Build\\CMakeFiles\\CMakeTmp\\cmTC_16f75.vcxproj]\n\nDone Building Project \"C:\\Users\\rahul\\Videos\\Urho3D_Build\\CMakeFiles\\CMakeTmp\\cmTC_16f75.vcxproj\" (default targets) -- FAILED.\n\n\n\nBuild FAILED.\n\n\n\n\"C:\\Users\\rahul\\Videos\\Urho3D_Build\\CMakeFiles\\CMakeTmp\\cmTC_16f75.vcxproj\" (default target) (1) -\u0026gt;\n\n(ClCompile target) -\u0026gt; \n\n  C:\\Users\\rahul\\Videos\\Urho3D_Build\\CMakeFiles\\CMakeTmp\\CheckSymbolExists.c(8): error C2065: '_TIMESPEC_DEFINED': undeclared identifier [C:\\Users\\rahul\\Videos\\Urho3D_Build\\CMakeFiles\\CMakeTmp\\cmTC_16f75.vcxproj]\n\n\n\n    0 Warning(s)\n\n    1 Error(s)\n\n\n\nTime Elapsed 00:00:01.05\n\n\nFile C:/Users/rahul/Videos/Urho3D_Build/CMakeFiles/CMakeTmp/CheckSymbolExists.c:\n/* */\n#include \u0026lt;time.h\u0026gt;\n\nint main(int argc, char** argv)\n{\n  (void)argv;\n#ifndef _TIMESPEC_DEFINED\n  return ((int*)(\u0026amp;_TIMESPEC_DEFINED))[argc];\n#else\n  (void)argc;\n  return 0;\n#endif\n}\n\nPerforming C SOURCE FILE Test IK_RESTRICT_restrict failed with the following output:\nChange Dir: C:/Users/rahul/Videos/Urho3D_Build/CMakeFiles/CMakeTmp\n\nRun Build Command:\"C:/Program Files (x86)/Microsoft Visual Studio/2017/Community/MSBuild/15.0/Bin/MSBuild.exe\" \"cmTC_98d74.vcxproj\" \"/p:Configuration=Debug\" \"/p:VisualStudioVersion=15.0\"\nMicrosoft (R) Build Engine version 15.3.409.57025 for .NET Framework\n\nCopyright (C) Microsoft Corporation. All rights reserved.\n\n\n\nBuild started 3/26/2018 12:06:59 PM.\n\nProject \"C:\\Users\\rahul\\Videos\\Urho3D_Build\\CMakeFiles\\CMakeTmp\\cmTC_98d74.vcxproj\" on node 1 (default targets).\n\nPrepareForBuild:\n\n  Creating directory \"cmTC_98d74.dir\\Debug\\\".\n\n  Creating directory \"C:\\Users\\rahul\\Videos\\Urho3D_Build\\CMakeFiles\\CMakeTmp\\Debug\\\".\n\n  Creating directory \"cmTC_98d74.dir\\Debug\\cmTC_98d74.tlog\\\".\n\nInitializeBuildStatus:\n\n  Creating \"cmTC_98d74.dir\\Debug\\cmTC_98d74.tlog\\unsuccessfulbuild\" because \"AlwaysCreate\" was specified.\n\nClCompile:\n\n  C:\\Program Files (x86)\\Microsoft Visual Studio\\2017\\Community\\VC\\Tools\\MSVC\\14.11.25503\\bin\\HostX86\\x86\\CL.exe /c /Zi /W3 /WX- /diagnostics:classic /MP /Od /Ob0 /Oy- /D WIN32 /D _WINDOWS /D IK_RESTRICT_restrict /D \"CMAKE_INTDIR=\\\"Debug\\\"\" /D _MBCS /Gm- /RTC1 /MDd /GS /fp:precise /Zc:wchar_t /Zc:forScope /Zc:inline /Fo\"cmTC_98d74.dir\\Debug\\\\\" /Fd\"cmTC_98d74.dir\\Debug\\vc141.pdb\" /Gd /TC /analyze- /errorReport:queue C:\\Users\\rahul\\Videos\\Urho3D_Build\\CMakeFiles\\CMakeTmp\\src.c\n\n  Microsoft (R) C/C++ Optimizing Compiler Version 19.11.25507.1 for x86\n\n  Copyright (C) Microsoft Corporation.  All rights reserved.\n\n  \n\n  cl /c /Zi /W3 /WX- /diagnostics:classic /MP /Od /Ob0 /Oy- /D WIN32 /D _WINDOWS /D IK_RESTRICT_restrict /D \"CMAKE_INTDIR=\\\"Debug\\\"\" /D _MBCS /Gm- /RTC1 /MDd /GS /fp:precise /Zc:wchar_t /Zc:forScope /Zc:inline /Fo\"cmTC_98d74.dir\\Debug\\\\\" /Fd\"cmTC_98d74.dir\\Debug\\vc141.pdb\" /Gd /TC /analyze- /errorReport:queue C:\\Users\\rahul\\Videos\\Urho3D_Build\\CMakeFiles\\CMakeTmp\\src.c\n\n  src.c\n\n  \n\nC:\\Users\\rahul\\Videos\\Urho3D_Build\\CMakeFiles\\CMakeTmp\\src.c(1): error C2146: syntax error: missing ')' before identifier 'x' [C:\\Users\\rahul\\Videos\\Urho3D_Build\\CMakeFiles\\CMakeTmp\\cmTC_98d74.vcxproj]\n\nC:\\Users\\rahul\\Videos\\Urho3D_Build\\CMakeFiles\\CMakeTmp\\src.c(1): error C2061: syntax error: identifier 'x' [C:\\Users\\rahul\\Videos\\Urho3D_Build\\CMakeFiles\\CMakeTmp\\cmTC_98d74.vcxproj]\n\nC:\\Users\\rahul\\Videos\\Urho3D_Build\\CMakeFiles\\CMakeTmp\\src.c(1): error C2059: syntax error: ';' [C:\\Users\\rahul\\Videos\\Urho3D_Build\\CMakeFiles\\CMakeTmp\\cmTC_98d74.vcxproj]\n\nC:\\Users\\rahul\\Videos\\Urho3D_Build\\CMakeFiles\\CMakeTmp\\src.c(1): error C2059: syntax error: ')' [C:\\Users\\rahul\\Videos\\Urho3D_Build\\CMakeFiles\\CMakeTmp\\cmTC_98d74.vcxproj]\n\nDone Building Project \"C:\\Users\\rahul\\Videos\\Urho3D_Build\\CMakeFiles\\CMakeTmp\\cmTC_98d74.vcxproj\" (default targets) -- FAILED.\n\n\n\nBuild FAILED.\n\n\n\n\"C:\\Users\\rahul\\Videos\\Urho3D_Build\\CMakeFiles\\CMakeTmp\\cmTC_98d74.vcxproj\" (default target) (1) -\u0026gt;\n\n(ClCompile target) -\u0026gt; \n\n  C:\\Users\\rahul\\Videos\\Urho3D_Build\\CMakeFiles\\CMakeTmp\\src.c(1): error C2146: syntax error: missing ')' before identifier 'x' [C:\\Users\\rahul\\Videos\\Urho3D_Build\\CMakeFiles\\CMakeTmp\\cmTC_98d74.vcxproj]\n\n  C:\\Users\\rahul\\Videos\\Urho3D_Build\\CMakeFiles\\CMakeTmp\\src.c(1): error C2061: syntax error: identifier 'x' [C:\\Users\\rahul\\Videos\\Urho3D_Build\\CMakeFiles\\CMakeTmp\\cmTC_98d74.vcxproj]\n\n  C:\\Users\\rahul\\Videos\\Urho3D_Build\\CMakeFiles\\CMakeTmp\\src.c(1): error C2059: syntax error: ';' [C:\\Users\\rahul\\Videos\\Urho3D_Build\\CMakeFiles\\CMakeTmp\\cmTC_98d74.vcxproj]\n\n  C:\\Users\\rahul\\Videos\\Urho3D_Build\\CMakeFiles\\CMakeTmp\\src.c(1): error C2059: syntax error: ')' [C:\\Users\\rahul\\Videos\\Urho3D_Build\\CMakeFiles\\CMakeTmp\\cmTC_98d74.vcxproj]\n\n\n\n    0 Warning(s)\n\n    4 Error(s)\n\n\n\nTime Elapsed 00:00:01.04\n\n\nSource file was:\nint test (void *restrict x); int main (void) {return 0;}\nPerforming C++ SOURCE FILE Test COMPILER_HAS_DEPRECATED_ATTR failed with the following output:\nChange Dir: C:/Users/rahul/Videos/Urho3D_Build/CMakeFiles/CMakeTmp\n\nRun Build Command:\"C:/Program Files (x86)/Microsoft Visual Studio/2017/Community/MSBuild/15.0/Bin/MSBuild.exe\" \"cmTC_aa4b4.vcxproj\" \"/p:Configuration=Debug\" \"/p:VisualStudioVersion=15.0\"\nMicrosoft (R) Build Engine version 15.3.409.57025 for .NET Framework\n\nCopyright (C) Microsoft Corporation. All rights reserved.\n\n\n\nBuild started 3/26/2018 12:07:07 PM.\n\nProject \"C:\\Users\\rahul\\Videos\\Urho3D_Build\\CMakeFiles\\CMakeTmp\\cmTC_aa4b4.vcxproj\" on node 1 (default targets).\n\nPrepareForBuild:\n\n  Creating directory \"cmTC_aa4b4.dir\\Debug\\\".\n\n  Creating directory \"C:\\Users\\rahul\\Videos\\Urho3D_Build\\CMakeFiles\\CMakeTmp\\Debug\\\".\n\n  Creating directory \"cmTC_aa4b4.dir\\Debug\\cmTC_aa4b4.tlog\\\".\n\nInitializeBuildStatus:\n\n  Creating \"cmTC_aa4b4.dir\\Debug\\cmTC_aa4b4.tlog\\unsuccessfulbuild\" because \"AlwaysCreate\" was specified.\n\nClCompile:\n\n  C:\\Program Files (x86)\\Microsoft Visual Studio\\2017\\Community\\VC\\Tools\\MSVC\\14.11.25503\\bin\\HostX86\\x86\\CL.exe /c /Zi /W3 /WX- /diagnostics:classic /MP /Od /Ob0 /Oy- /D WIN32 /D _WINDOWS /D COMPILER_HAS_DEPRECATED_ATTR /D \"CMAKE_INTDIR=\\\"Debug\\\"\" /D _MBCS /Gm- /EHsc /RTC1 /MDd /GS /fp:precise /Zc:wchar_t /Zc:forScope /Zc:inline /GR /Fo\"cmTC_aa4b4.dir\\Debug\\\\\" /Fd\"cmTC_aa4b4.dir\\Debug\\vc141.pdb\" /Gd /TP /analyze- /errorReport:queue C:\\Users\\rahul\\Videos\\Urho3D_Build\\CMakeFiles\\CMakeTmp\\src.cxx\n\n  Microsoft (R) C/C++ Optimizing Compiler Version 19.11.25507.1 for x86\n\n  Copyright (C) Microsoft Corporation.  All rights reserved.\n\n  \n\n  cl /c /Zi /W3 /WX- /diagnostics:classic /MP /Od /Ob0 /Oy- /D WIN32 /D _WINDOWS /D COMPILER_HAS_DEPRECATED_ATTR /D \"CMAKE_INTDIR=\\\"Debug\\\"\" /D _MBCS /Gm- /EHsc /RTC1 /MDd /GS /fp:precise /Zc:wchar_t /Zc:forScope /Zc:inline /GR /Fo\"cmTC_aa4b4.dir\\Debug\\\\\" /Fd\"cmTC_aa4b4.dir\\Debug\\vc141.pdb\" /Gd /TP /analyze- /errorReport:queue C:\\Users\\rahul\\Videos\\Urho3D_Build\\CMakeFiles\\CMakeTmp\\src.cxx\n\n  src.cxx\n\n  \n\nC:\\Users\\rahul\\Videos\\Urho3D_Build\\CMakeFiles\\CMakeTmp\\src.cxx(1): error C2065: '__deprecated__': undeclared identifier [C:\\Users\\rahul\\Videos\\Urho3D_Build\\CMakeFiles\\CMakeTmp\\cmTC_aa4b4.vcxproj]\n\nC:\\Users\\rahul\\Videos\\Urho3D_Build\\CMakeFiles\\CMakeTmp\\src.cxx(1): error C4430: missing type specifier - int assumed. Note: C++ does not support default-int [C:\\Users\\rahul\\Videos\\Urho3D_Build\\CMakeFiles\\CMakeTmp\\cmTC_aa4b4.vcxproj]\n\nC:\\Users\\rahul\\Videos\\Urho3D_Build\\CMakeFiles\\CMakeTmp\\src.cxx(1): error C2448: '__attribute__': function-style initializer appears to be a function definition [C:\\Users\\rahul\\Videos\\Urho3D_Build\\CMakeFiles\\CMakeTmp\\cmTC_aa4b4.vcxproj]\n\nDone Building Project \"C:\\Users\\rahul\\Videos\\Urho3D_Build\\CMakeFiles\\CMakeTmp\\cmTC_aa4b4.vcxproj\" (default targets) -- FAILED.\n\n\n\nBuild FAILED.\n\n\n\n\"C:\\Users\\rahul\\Videos\\Urho3D_Build\\CMakeFiles\\CMakeTmp\\cmTC_aa4b4.vcxproj\" (default target) (1) -\u0026gt;\n\n(ClCompile target) -\u0026gt; \n\n  C:\\Users\\rahul\\Videos\\Urho3D_Build\\CMakeFiles\\CMakeTmp\\src.cxx(1): error C2065: '__deprecated__': undeclared identifier [C:\\Users\\rahul\\Videos\\Urho3D_Build\\CMakeFiles\\CMakeTmp\\cmTC_aa4b4.vcxproj]\n\n  C:\\Users\\rahul\\Videos\\Urho3D_Build\\CMakeFiles\\CMakeTmp\\src.cxx(1): error C4430: missing type specifier - int assumed. Note: C++ does not support default-int [C:\\Users\\rahul\\Videos\\Urho3D_Build\\CMakeFiles\\CMakeTmp\\cmTC_aa4b4.vcxproj]\n\n  C:\\Users\\rahul\\Videos\\Urho3D_Build\\CMakeFiles\\CMakeTmp\\src.cxx(1): error C2448: '__attribute__': function-style initializer appears to be a function definition [C:\\Users\\rahul\\Videos\\Urho3D_Build\\CMakeFiles\\CMakeTmp\\cmTC_aa4b4.vcxproj]\n\n\n\n    0 Warning(s)\n\n    3 Error(s)\n\n\n\nTime Elapsed 00:00:01.30\n\n\nSource file was:\n__attribute__((__deprecated__)) int somefunc() { return 0; }\n    int main() { return somefunc();}\u003c/code\u003e\u003c/pre\u003e","post_number":1,"post_type":1,"updated_at":"2018-03-26T16:54:20.577Z","reply_count":0,"reply_to_post_number":null,"quote_count":0,"incoming_link_count":688,"reads":33,"readers_count":32,"score":3446.6,"yours":false,"topic_id":4126,"topic_slug":"whenever-i-generate-using-cmake-it-comes-up-with-an-error-having-to-do-with-sincosf-and-subsequently-stops-working","display_username":"Rahul Shah","primary_group_name":null,"flair_name":null,"flair_url":null,"flair_bg_color":null,"flair_color":null,"version":1,"can_edit":false,"can_delete":false,"can_recover":false,"can_wiki":false,"read":true,"user_title":null,"bookmarked":false,"actions_summary":[],"moderator":false,"admin":false,"staff":false,"user_id":950,"hidden":false,"trust_level":1,"deleted_at":null,"user_deleted":false,"edit_reason":null,"can_view_edit_history":true,"wiki":false,"can_accept_answer":false,"can_unaccept_answer":false,"accepted_answer":false},{"id":23862,"name":"Jimmy Gass","username":"ghidra","avatar_template":"/user_avatar/discourse.urho3d.io/ghidra/{size}/69_2.png","created_at":"2018-03-27T16:53:33.915Z","cooked":"\u003cp\u003eI dont have an answer for you.\u003cbr\u003e\nCan you fill us in on some more details?\u003cbr\u003e\nPerhaps there is another path you can take to get a working compile.\u003c/p\u003e\n\u003cp\u003eI have dealt with some minor issues before that coaxed me into different methods for compile. (mostly cause I was lazy and didnt want to mess with fixing anything)\u003c/p\u003e\n\u003cp\u003eThere are a few methods to compile, maybe we can help you land on one that works more simply.\u003c/p\u003e","post_number":2,"post_type":1,"updated_at":"2018-03-27T16:53:33.915Z","reply_count":1,"reply_to_post_number":null,"quote_count":0,"incoming_link_count":1,"reads":22,"readers_count":21,"score":14.4,"yours":false,"topic_id":4126,"topic_slug":"whenever-i-generate-using-cmake-it-comes-up-with-an-error-having-to-do-with-sincosf-and-subsequently-stops-working","display_username":"Jimmy Gass","primary_group_name":null,"flair_name":null,"flair_url":null,"flair_bg_color":null,"flair_color":null,"version":1,"can_edit":false,"can_delete":false,"can_recover":false,"can_wiki":false,"read":true,"user_title":null,"bookmarked":false,"actions_summary":[],"moderator":false,"admin":false,"staff":false,"user_id":109,"hidden":false,"trust_level":3,"deleted_at":null,"user_deleted":false,"edit_reason":null,"can_view_edit_history":true,"wiki":false,"can_accept_answer":false,"can_unaccept_answer":false,"accepted_answer":false},{"id":23864,"name":"Rahul Shah","username":"rahulsanjay18","avatar_template":"/user_avatar/discourse.urho3d.io/rahulsanjay18/{size}/1417_2.png","created_at":"2018-03-27T16:57:14.832Z","cooked":"\u003cp\u003eWhat details would you like to know? I run a Windows 10 machine, and plan on using Visual studio as my IDE. What other methods are there to compile? I know that there is MinGW or Code::Blocks, but I wasnt sure how to do MinGW.\u003c/p\u003e","post_number":3,"post_type":1,"updated_at":"2018-03-27T16:58:29.164Z","reply_count":1,"reply_to_post_number":2,"quote_count":0,"incoming_link_count":1,"reads":22,"readers_count":21,"score":14.4,"yours":false,"topic_id":4126,"topic_slug":"whenever-i-generate-using-cmake-it-comes-up-with-an-error-having-to-do-with-sincosf-and-subsequently-stops-working","display_username":"Rahul Shah","primary_group_name":null,"flair_name":null,"flair_url":null,"flair_bg_color":null,"flair_color":null,"version":2,"can_edit":false,"can_delete":false,"can_recover":false,"can_wiki":false,"read":true,"user_title":null,"reply_to_user":{"username":"ghidra","name":"Jimmy Gass","avatar_template":"/user_avatar/discourse.urho3d.io/ghidra/{size}/69_2.png"},"bookmarked":false,"actions_summary":[],"moderator":false,"admin":false,"staff":false,"user_id":950,"hidden":false,"trust_level":1,"deleted_at":null,"user_deleted":false,"edit_reason":null,"can_view_edit_history":true,"wiki":false,"can_accept_answer":false,"can_unaccept_answer":false,"accepted_answer":false},{"id":23865,"name":"Jimmy Gass","username":"ghidra","avatar_template":"/user_avatar/discourse.urho3d.io/ghidra/{size}/69_2.png","created_at":"2018-03-27T17:07:48.205Z","cooked":"\u003cp\u003eI dont use the Cmake GUI myself.\u003cbr\u003e\nThe method that works for me on windows10 visual studio, (Assuming 2017), is to just run the bat file included with the repo from the command line (assuming cmake is in your path).\u003c/p\u003e\n\u003cp\u003eI have a bat file run the bat file.\u003cbr\u003e\nURHOPATH being the path to the repo, and URHOBUILD the path to the directory I want to build to. Also I am using it as a shared library.\u003c/p\u003e\n\u003cp\u003e\u003ccode\u003e!URHOPATH!\\cmake_vs2017.bat !URHOBUILD! -DURHO3D_64BIT=1 -DURHO3D_OPENGL=1 -DURHO3D_DEBUG=1 -DURHO3D_LIB_TYPE=SHARED -DURHO3D_SAMPLES=1 -DURHO3D_C++11=1\u003c/code\u003e\u003c/p\u003e\n\u003cp\u003eI understand that this doesnt exactly cover your particular issue with the sincosf. But I have run into plenty of minor issue building urho that were my own fault, and feel like I’ve seen your issue pop up myself. And this current method works for me now.\u003c/p\u003e","post_number":4,"post_type":1,"updated_at":"2018-03-28T05:32:03.476Z","reply_count":0,"reply_to_post_number":3,"quote_count":0,"incoming_link_count":2,"reads":21,"readers_count":20,"score":14.2,"yours":false,"topic_id":4126,"topic_slug":"whenever-i-generate-using-cmake-it-comes-up-with-an-error-having-to-do-with-sincosf-and-subsequently-stops-working","display_username":"Jimmy Gass","primary_group_name":null,"flair_name":null,"flair_url":null,"flair_bg_color":null,"flair_color":null,"version":2,"can_edit":false,"can_delete":false,"can_recover":false,"can_wiki":false,"read":true,"user_title":null,"reply_to_user":{"username":"rahulsanjay18","name":"Rahul Shah","avatar_template":"/user_avatar/discourse.urho3d.io/rahulsanjay18/{size}/1417_2.png"},"bookmarked":false,"actions_summary":[],"moderator":false,"admin":false,"staff":false,"user_id":109,"hidden":false,"trust_level":3,"deleted_at":null,"user_deleted":false,"edit_reason":null,"can_view_edit_history":true,"wiki":false,"can_accept_answer":false,"can_unaccept_answer":false,"accepted_answer":true},{"id":23868,"name":"Eugene Kozlov","username":"Eugene","avatar_template":"/user_avatar/discourse.urho3d.io/eugene/{size}/902_2.png","created_at":"2018-03-27T20:45:28.452Z","cooked":"\u003cp\u003eWell, it looks like some weird environment issue, but I’ll try to help you.\u003cbr\u003e\nPlease post somewhere non-verbose and verbose CMake logs, e.g. pastebin.\u003cbr\u003e\nThen, ensure that C++ projects are built via selected configuration of VS.\u003cbr\u003e\nThen, try to build any sample cmake project from the internet.\u003c/p\u003e","post_number":5,"post_type":1,"updated_at":"2018-03-27T20:45:28.452Z","reply_count":0,"reply_to_post_number":null,"quote_count":0,"incoming_link_count":3,"reads":20,"readers_count":19,"score":19.0,"yours":false,"topic_id":4126,"topic_slug":"whenever-i-generate-using-cmake-it-comes-up-with-an-error-having-to-do-with-sincosf-and-subsequently-stops-working","display_username":"Eugene Kozlov","primary_group_name":null,"flair_name":null,"flair_url":null,"flair_bg_color":null,"flair_color":null,"version":1,"can_edit":false,"can_delete":false,"can_recover":false,"can_wiki":false,"read":true,"user_title":"Core developer","title_is_group":false,"bookmarked":false,"actions_summary":[],"moderator":false,"admin":false,"staff":false,"user_id":484,"hidden":false,"trust_level":2,"deleted_at":null,"user_deleted":false,"edit_reason":null,"can_view_edit_history":true,"wiki":false,"can_accept_answer":false,"can_unaccept_answer":false,"accepted_answer":false}],"stream":[23847,23862,23864,23865,23868]},"timeline_lookup":[[1,1702],[3,1701]],"suggested_topics":[{"id":7193,"title":"Can Z-Axis Feasibly be \"Up\"?","fancy_title":"Can Z-Axis Feasibly be \u0026ldquo;Up\u0026rdquo;?","slug":"can-z-axis-feasibly-be-up","posts_count":4,"reply_count":2,"highest_post_number":4,"image_url":null,"created_at":"2022-02-14T05:17:28.054Z","last_posted_at":"2022-02-14T07:26:53.817Z","bumped":true,"bumped_at":"2022-02-14T07:26:53.817Z","archetype":"regular","unseen":false,"pinned":false,"unpinned":null,"visible":true,"closed":false,"archived":false,"bookmarked":null,"liked":null,"tags_descriptions":{},"like_count":1,"views":161,"category_id":10,"featured_link":null,"has_accepted_answer":true,"posters":[{"extras":"latest","description":"Original Poster, Most Recent Poster","user":{"id":1334,"username":"najak3d","name":"Brian Knox","avatar_template":"https://avatars.discourse-cdn.com/v4/letter/n/6a8cbe/{size}.png"}},{"extras":null,"description":"Frequent Poster, Accepted Answer","user":{"id":484,"username":"Eugene","name":"Eugene Kozlov","avatar_template":"/user_avatar/discourse.urho3d.io/eugene/{size}/902_2.png"}}]},{"id":7146,"title":"How create affordable comfortable and modern terrain?","fancy_title":"How create affordable comfortable and modern terrain?","slug":"how-create-affordable-comfortable-and-modern-terrain","posts_count":5,"reply_count":1,"highest_post_number":5,"image_url":null,"created_at":"2022-01-21T15:20:08.910Z","last_posted_at":"2022-01-21T21:51:58.799Z","bumped":true,"bumped_at":"2022-01-21T22:03:14.896Z","archetype":"regular","unseen":false,"pinned":false,"unpinned":null,"visible":true,"closed":false,"archived":false,"bookmarked":null,"liked":null,"tags_descriptions":{},"like_count":4,"views":193,"category_id":10,"featured_link":null,"has_accepted_answer":false,"posters":[{"extras":null,"description":"Original Poster","user":{"id":1497,"username":"timob256","name":"","avatar_template":"https://avatars.discourse-cdn.com/v4/letter/t/b782af/{size}.png"}},{"extras":null,"description":"Frequent Poster","user":{"id":1304,"username":"lebrewer","name":"lebrewer","avatar_template":"/user_avatar/discourse.urho3d.io/lebrewer/{size}/2811_2.png"}},{"extras":"latest","description":"Most Recent Poster","user":{"id":230,"username":"Nerrik","name":"","avatar_template":"https://avatars.discourse-cdn.com/v4/letter/n/958977/{size}.png"}}]},{"id":7182,"title":"How install landscape in the format (.tor or .obj)?","fancy_title":"How install landscape in the format (.tor or .obj)?","slug":"how-install-landscape-in-the-format-tor-or-obj","posts_count":4,"reply_count":1,"highest_post_number":4,"image_url":null,"created_at":"2022-02-03T16:58:20.976Z","last_posted_at":"2022-02-04T16:34:09.663Z","bumped":true,"bumped_at":"2022-02-04T16:34:09.663Z","archetype":"regular","unseen":false,"pinned":false,"unpinned":null,"visible":true,"closed":false,"archived":false,"bookmarked":null,"liked":null,"tags_descriptions":{},"like_count":2,"views":151,"category_id":10,"featured_link":null,"has_accepted_answer":true,"posters":[{"extras":null,"description":"Original Poster","user":{"id":1497,"username":"timob256","name":"","avatar_template":"https://avatars.discourse-cdn.com/v4/letter/t/b782af/{size}.png"}},{"extras":"latest","description":"Most Recent Poster, Accepted Answer","user":{"id":1317,"username":"Lys0gen","name":"","avatar_template":"https://avatars.discourse-cdn.com/v4/letter/l/57b2e6/{size}.png"}},{"extras":null,"description":"Frequent Poster","user":{"id":628,"username":"SirNate0","name":"SirNate0","avatar_template":"https://avatars.discourse-cdn.com/v4/letter/s/9f8e36/{size}.png"}}]},{"id":7176,"title":"Orthographic scene slowing down when zooming out","fancy_title":"Orthographic scene slowing down when zooming out","slug":"orthographic-scene-slowing-down-when-zooming-out","posts_count":1,"reply_count":0,"highest_post_number":1,"image_url":null,"created_at":"2022-01-30T10:05:50.218Z","last_posted_at":"2022-01-30T10:05:50.294Z","bumped":true,"bumped_at":"2022-01-30T10:05:50.294Z","archetype":"regular","unseen":false,"pinned":false,"unpinned":null,"visible":true,"closed":false,"archived":false,"bookmarked":null,"liked":null,"tags_descriptions":{},"like_count":0,"views":127,"category_id":10,"featured_link":null,"has_accepted_answer":false,"posters":[{"extras":"latest single","description":"Original Poster, Most Recent Poster","user":{"id":1351,"username":"Haukinger","name":"Haukinger","avatar_template":"/user_avatar/discourse.urho3d.io/haukinger/{size}/3670_2.png"}}]},{"id":7204,"title":"How handle with multiple scenes?","fancy_title":"How handle with multiple scenes?","slug":"how-handle-with-multiple-scenes","posts_count":1,"reply_count":0,"highest_post_number":1,"image_url":null,"created_at":"2022-02-23T16:15:02.697Z","last_posted_at":"2022-02-23T16:15:02.762Z","bumped":true,"bumped_at":"2022-02-23T16:15:02.762Z","archetype":"regular","unseen":false,"pinned":false,"unpinned":null,"visible":true,"closed":false,"archived":false,"bookmarked":null,"liked":null,"tags_descriptions":{},"like_count":0,"views":131,"category_id":10,"featured_link":null,"has_accepted_answer":false,"posters":[{"extras":"latest single","description":"Original Poster, Most Recent Poster","user":{"id":1508,"username":"killinbassou","name":"killin","avatar_template":"https://avatars.discourse-cdn.com/v4/letter/k/848f3c/{size}.png"}}]}],"tags_descriptions":{},"id":4126,"title":"Whenever I generate using Cmake, it comes up with an error having to do with ___sincosf and subsequently stops working","fancy_title":"Whenever I generate using Cmake, it comes up with an error having to do with ___sincosf and subsequently stops working","posts_count":5,"created_at":"2018-03-26T16:54:20.466Z","views":1826,"reply_count":2,"like_count":0,"last_posted_at":"2018-03-27T20:45:28.452Z","visible":true,"closed":false,"archived":false,"has_summary":false,"archetype":"regular","slug":"whenever-i-generate-using-cmake-it-comes-up-with-an-error-having-to-do-with-sincosf-and-subsequently-stops-working","category_id":10,"word_count":4146,"deleted_at":null,"user_id":950,"featured_link":null,"pinned_globally":false,"pinned_at":null,"pinned_until":null,"image_url":"https://global.discourse-cdn.com/standard17/uploads/urho3d/original/2X/0/0a1666a134638427eefa889da7fc01d67383ec6e.PNG","slow_mode_seconds":0,"draft":null,"draft_key":"topic_4126","draft_sequence":null,"unpinned":null,"pinned":false,"current_post_number":1,"highest_post_number":5,"deleted_by":null,"actions_summary":[{"id":4,"count":0,"hidden":false,"can_act":false},{"id":8,"count":0,"hidden":false,"can_act":false},{"id":7,"count":0,"hidden":false,"can_act":false}],"chunk_size":20,"bookmarked":false,"bookmarks":[],"topic_timer":null,"message_bus_last_id":0,"participant_count":3,"show_read_indicator":false,"thumbnails":[{"max_width":null,"max_height":null,"width":471,"height":144,"url":"https://global.discourse-cdn.com/standard17/uploads/urho3d/original/2X/0/0a1666a134638427eefa889da7fc01d67383ec6e.PNG"}],"slow_mode_enabled_until":null,"tags_disable_ads":false,"accepted_answer":{"post_number":4,"username":"ghidra","excerpt":"I dont use the Cmake GUI myself. \nThe method that works for me on windows10 visual studio, (Assuming 2017), is to just run the bat file included with the repo from the command line (assuming cmake is in your path). \nI have a bat file run the bat file. \nURHOPATH being the path to the repo, and URHOBU\u0026hellip;"},"details":{"can_edit":false,"notification_level":1,"participants":[{"id":109,"username":"ghidra","name":"Jimmy Gass","avatar_template":"/user_avatar/discourse.urho3d.io/ghidra/{size}/69_2.png","post_count":2,"primary_group_name":null,"flair_name":null,"flair_url":null,"flair_color":null,"flair_bg_color":null,"trust_level":3},{"id":950,"username":"rahulsanjay18","name":"Rahul Shah","avatar_template":"/user_avatar/discourse.urho3d.io/rahulsanjay18/{size}/1417_2.png","post_count":2,"primary_group_name":null,"flair_name":null,"flair_url":null,"flair_color":null,"flair_bg_color":null,"trust_level":1},{"id":484,"username":"Eugene","name":"Eugene Kozlov","avatar_template":"/user_avatar/discourse.urho3d.io/eugene/{size}/902_2.png","post_count":1,"primary_group_name":null,"flair_name":null,"flair_url":null,"flair_color":null,"flair_bg_color":null,"trust_level":2}],"created_by":{"id":950,"username":"rahulsanjay18","name":"Rahul Shah","avatar_template":"/user_avatar/discourse.urho3d.io/rahulsanjay18/{size}/1417_2.png"},"last_poster":{"id":484,"username":"Eugene","name":"Eugene Kozlov","avatar_template":"/user_avatar/discourse.urho3d.io/eugene/{size}/902_2.png"}}}